Using pre-set license
Built from '2020.3/staging' branch; Version is '2020.3.30f1 (1fb1bf06830e) revision 2077119'; Using compiler version '192528614'; Build Type 'Release'
OS: 'Windows 10  (10.0.19044) 64bit Professional' Language: 'ko' Physical Memory: 15716 MB
BatchMode: 1, IsHumanControllingUs: 0, StartBugReporterOnCrash: 0, Is64bit: 1, IsPro: 0

COMMAND LINE ARGUMENTS:
C:\Program Files\Unity\Hub\Editor\2020.3.30f1\Editor\Unity.exe
-adb2
-batchMode
-noUpm
-name
AssetImportWorker0
-projectPath
D:/Github/projectC_RoR2/ProjectRoR2
-logFile
Logs/AssetImportWorker0.log
-srvPort
52791
Successfully changed project path to: D:/Github/projectC_RoR2/ProjectRoR2
D:/Github/projectC_RoR2/ProjectRoR2
Using Asset Import Pipeline V2.
Refreshing native plugins compatible for Editor in 27.25 ms, found 2 plugins.
Preloading 0 native plugins for Editor in 0.00 ms.
Initialize engine version: 2020.3.30f1 (1fb1bf06830e)
[Subsystems] Discovering subsystems at path C:/Program Files/Unity/Hub/Editor/2020.3.30f1/Editor/Data/Resources/UnitySubsystems
[Subsystems] Discovering subsystems at path D:/Github/projectC_RoR2/ProjectRoR2/Assets
GfxDevice: creating device client; threaded=0
Direct3D:
    Version:  Direct3D 11.0 [level 11.1]
    Renderer: NVIDIA GeForce RTX 3050 Laptop GPU (ID=0x25a2)
    Vendor:   
    VRAM:     3991 MB
    Driver:   30.0.15.1179
Initialize mono
Mono path[0] = 'C:/Program Files/Unity/Hub/Editor/2020.3.30f1/Editor/Data/Managed'
Mono path[1] = 'C:/Program Files/Unity/Hub/Editor/2020.3.30f1/Editor/Data/MonoBleedingEdge/lib/mono/unityjit'
Mono config path = 'C:/Program Files/Unity/Hub/Editor/2020.3.30f1/Editor/Data/MonoBleedingEdge/etc'
Using monoOptions --debugger-agent=transport=dt_socket,embedding=1,server=y,suspend=n,address=127.0.0.1:56384
Begin MonoManager ReloadAssembly
Registering precompiled unity dll's ...
Register platform support module: C:/Program Files/Unity/Hub/Editor/2020.3.30f1/Editor/Data/PlaybackEngines/WindowsStandaloneSupport/UnityEditor.WindowsStandalone.Extensions.dll
Registered in 0.001394 seconds.
Native extension for WindowsStandalone target not found
Refreshing native plugins compatible for Editor in 28.65 ms, found 2 plugins.
Preloading 0 native plugins for Editor in 0.00 ms.
Mono: successfully reloaded assembly
- Completed reload, in  0.410 seconds
Domain Reload Profiling:
	ReloadAssembly (411ms)
		BeginReloadAssembly (46ms)
			ExecutionOrderSort (0ms)
			DisableScriptedObjects (0ms)
			BackupInstance (0ms)
			ReleaseScriptingObjects (0ms)
			CreateAndSetChildDomain (1ms)
		EndReloadAssembly (313ms)
			LoadAssemblies (44ms)
			RebuildTransferFunctionScriptingTraits (0ms)
			SetupTypeCache (94ms)
			ReleaseScriptCaches (0ms)
			RebuildScriptCaches (19ms)
			SetupLoadedEditorAssemblies (125ms)
				LogAssemblyErrors (0ms)
				InitializePlatformSupportModulesInManaged (3ms)
				SetLoadedEditorAssemblies (0ms)
				RefreshPlugins (29ms)
				BeforeProcessingInitializeOnLoad (13ms)
				ProcessInitializeOnLoadAttributes (60ms)
				ProcessInitializeOnLoadMethodAttributes (20ms)
				AfterProcessingInitializeOnLoad (0ms)
				EditorAssembliesLoaded (0ms)
			ExecutionOrderSort2 (0ms)
			AwakeInstancesAfterBackupRestoration (0ms)
Platform modules already initialized, skipping
Registering precompiled user dll's ...
Registered in 0.001454 seconds.
Begin MonoManager ReloadAssembly
Native extension for WindowsStandalone target not found
Refreshing native plugins compatible for Editor in 0.40 ms, found 2 plugins.
Preloading 0 native plugins for Editor in 0.00 ms.
Mono: successfully reloaded assembly
- Completed reload, in  0.728 seconds
Domain Reload Profiling:
	ReloadAssembly (729ms)
		BeginReloadAssembly (106ms)
			ExecutionOrderSort (0ms)
			DisableScriptedObjects (4ms)
			BackupInstance (0ms)
			ReleaseScriptingObjects (0ms)
			CreateAndSetChildDomain (16ms)
		EndReloadAssembly (579ms)
			LoadAssemblies (64ms)
			RebuildTransferFunctionScriptingTraits (0ms)
			SetupTypeCache (207ms)
			ReleaseScriptCaches (0ms)
			RebuildScriptCaches (30ms)
			SetupLoadedEditorAssemblies (220ms)
				LogAssemblyErrors (0ms)
				InitializePlatformSupportModulesInManaged (4ms)
				SetLoadedEditorAssemblies (0ms)
				RefreshPlugins (0ms)
				BeforeProcessingInitializeOnLoad (59ms)
				ProcessInitializeOnLoadAttributes (146ms)
				ProcessInitializeOnLoadMethodAttributes (7ms)
				AfterProcessingInitializeOnLoad (5ms)
				EditorAssembliesLoaded (0ms)
			ExecutionOrderSort2 (0ms)
			AwakeInstancesAfterBackupRestoration (5ms)
Platform modules already initialized, skipping
========================================================================
Worker process is ready to serve import requests
Launched and connected shader compiler UnityShaderCompiler.exe after 0.04 seconds
Refreshing native plugins compatible for Editor in 0.94 ms, found 2 plugins.
Preloading 0 native plugins for Editor in 0.00 ms.
Unloading 1606 Unused Serialized files (Serialized files now loaded: 0)
System memory in use before: 81.0 MB.
System memory in use after: 81.0 MB.

Unloading 16 unused Assets to reduce memory usage. Loaded Objects now: 2044.
Total: 4.175100 ms (FindLiveObjects: 0.218500 ms CreateObjectMapping: 0.052400 ms MarkObjects: 3.812300 ms  DeleteObjects: 0.090700 ms)

AssetImportParameters requested are different than current active one (requested -> active):
  custom:framework-win-MediaFoundation: 216162199b28c13a410421893ffa2e32 -> 
  custom:video-decoder-ogg-theora: a1e56fd34408186e4bbccfd4996cb3dc -> 
  custom:container-muxer-webm: aa71ff27fc2769a1b78a27578f13a17b -> 
  custom:container-demuxer-webm: 4f35f7cbe854078d1ac9338744f61a02 -> 
  custom:container-demuxer-ogg: 62fdf1f143b41e24485cea50d1cbac27 -> 
  custom:video-encoder-webm-vp8: eb34c28f22e8b96e1ab97ce403110664 -> 
  custom:video-decoder-webm-vp8: 9c59270c3fd7afecdb556c50c9e8de78 -> 
  custom:audio-decoder-ogg-vorbis: bf7c407c2cedff20999df2af8eb42d56 -> 
  custom:audio-encoder-webm-vorbis: bf7c407c2cedff20999df2af8eb42d56 -> 
========================================================================
Received Import Request.
  path: Assets/Minjun/Resources/Map/WPPlatform2 (Level 1) 2(merge).fbx
  artifactKey: Guid(823e7794c9387c242aae7b65d864089f) Importer(815301076,1909f56bfc062723c751e8b465ee728b)
Start importing Assets/Minjun/Resources/Map/WPPlatform2 (Level 1) 2(merge).fbx using Guid(823e7794c9387c242aae7b65d864089f) Importer(815301076,1909f56bfc062723c751e8b465ee728b)  -> (artifact id: '376529901895a1ab3a4ab32a24291603') in 5.036957 seconds 
========================================================================
Received Import Request.
  Time since last request: 1.016374 seconds.
  path: Assets/Minjun/Resources/Map/HOLDER_ Forest Bridge (merge).fbx
  artifactKey: Guid(2b57531514af22b45871291f24276d8a) Importer(815301076,1909f56bfc062723c751e8b465ee728b)
Start importing Assets/Minjun/Resources/Map/HOLDER_ Forest Bridge (merge).fbx using Guid(2b57531514af22b45871291f24276d8a) Importer(815301076,1909f56bfc062723c751e8b465ee728b)  -> (artifact id: 'a7148ec06afac5fc2305757add2a4fd7') in 1.668463 seconds 
========================================================================
Received Import Request.
  Time since last request: 0.366992 seconds.
  path: Assets/Minjun/Resources/Map/Combined Mesh (root_ scene) #86861.obj
  artifactKey: Guid(5a3f302086472154baa26e44c1121a7e) Importer(815301076,1909f56bfc062723c751e8b465ee728b)
Start importing Assets/Minjun/Resources/Map/Combined Mesh (root_ scene) #86861.obj using Guid(5a3f302086472154baa26e44c1121a7e) Importer(815301076,1909f56bfc062723c751e8b465ee728b)  -> (artifact id: '5f8204045c501aadfaa3c462617b690a') in 3.919344 seconds 
========================================================================
Received Import Request.
  Time since last request: 0.000162 seconds.
  path: Assets/Minjun/Resources/Map/Combined Mesh (root_ scene) #70360.obj
  artifactKey: Guid(ebd4a08f52dad1b43ba953b164e65abf) Importer(815301076,1909f56bfc062723c751e8b465ee728b)
Start importing Assets/Minjun/Resources/Map/Combined Mesh (root_ scene) #70360.obj using Guid(ebd4a08f52dad1b43ba953b164e65abf) Importer(815301076,1909f56bfc062723c751e8b465ee728b)  -> (artifact id: '7d938b6d1b81fa2d7a04334b6fe31b27') in 3.815368 seconds 
========================================================================
Received Import Request.
  Time since last request: 0.000187 seconds.
  path: Assets/Minjun/Resources/Map/ArtifactFormulaHolderMesh (merge).fbx
  artifactKey: Guid(0d2568aa5fbcfcd41863af2151e53b5a) Importer(815301076,1909f56bfc062723c751e8b465ee728b)
Start importing Assets/Minjun/Resources/Map/ArtifactFormulaHolderMesh (merge).fbx using Guid(0d2568aa5fbcfcd41863af2151e53b5a) Importer(815301076,1909f56bfc062723c751e8b465ee728b)  -> (artifact id: '8e038be23a6ee92b361e65ce46a13b85') in 0.030782 seconds 
========================================================================
Received Import Request.
  Time since last request: 0.000133 seconds.
  path: Assets/Minjun/Resources/Map/Materials
  artifactKey: Guid(19365ba8727db1b4687dba6d4a4520ef) Importer(815301076,1909f56bfc062723c751e8b465ee728b)
Start importing Assets/Minjun/Resources/Map/Materials using Guid(19365ba8727db1b4687dba6d4a4520ef) Importer(815301076,1909f56bfc062723c751e8b465ee728b)  -> (artifact id: '2af2b25dc6b87abdf4cf697573431184') in 0.001217 seconds 
========================================================================
Received Import Request.
  Time since last request: 641.580470 seconds.
  path: Assets/Minjun/Resources/Map/Map2/Terrain (merge) 1.fbx
  artifactKey: Guid(bb60e699e9eb040459e10ea95f1d6c5e) Importer(815301076,1909f56bfc062723c751e8b465ee728b)
Start importing Assets/Minjun/Resources/Map/Map2/Terrain (merge) 1.fbx using Guid(bb60e699e9eb040459e10ea95f1d6c5e) Importer(815301076,1909f56bfc062723c751e8b465ee728b)  -> (artifact id: '2691a8cd71156f809911d541ec57fd1a') in 0.280144 seconds 
AssetImportWorkerClient::OnTransportError - code=2 error=End of file
