Using pre-set license
Built from '2020.3/staging' branch; Version is '2020.3.30f1 (1fb1bf06830e) revision 2077119'; Using compiler version '192528614'; Build Type 'Release'
OS: 'Windows 11  (10.0.22000) 64bit Core' Language: 'ko' Physical Memory: 15724 MB
BatchMode: 1, IsHumanControllingUs: 0, StartBugReporterOnCrash: 0, Is64bit: 1, IsPro: 0

COMMAND LINE ARGUMENTS:
C:\Program Files\Unity\Hub\Editor\2020.3.30f1\Editor\Unity.exe
-adb2
-batchMode
-noUpm
-name
AssetImportWorker2
-projectPath
E:/Unity/GitHub/GitHub/projectC_RoR2/ProjectRoR2
-logFile
Logs/AssetImportWorker2.log
-srvPort
56488
Successfully changed project path to: E:/Unity/GitHub/GitHub/projectC_RoR2/ProjectRoR2
E:/Unity/GitHub/GitHub/projectC_RoR2/ProjectRoR2
Using Asset Import Pipeline V2.
Refreshing native plugins compatible for Editor in 52.61 ms, found 2 plugins.
Preloading 0 native plugins for Editor in 0.00 ms.
Initialize engine version: 2020.3.30f1 (1fb1bf06830e)
[Subsystems] Discovering subsystems at path C:/Program Files/Unity/Hub/Editor/2020.3.30f1/Editor/Data/Resources/UnitySubsystems
[Subsystems] Discovering subsystems at path E:/Unity/GitHub/GitHub/projectC_RoR2/ProjectRoR2/Assets
GfxDevice: creating device client; threaded=0
Direct3D:
    Version:  Direct3D 11.0 [level 11.1]
    Renderer: AMD Radeon(TM) Graphics (ID=0x164c)
    Vendor:   
    VRAM:     7862 MB
    Driver:   30.0.14008.2
Initialize mono
Mono path[0] = 'C:/Program Files/Unity/Hub/Editor/2020.3.30f1/Editor/Data/Managed'
Mono path[1] = 'C:/Program Files/Unity/Hub/Editor/2020.3.30f1/Editor/Data/MonoBleedingEdge/lib/mono/unityjit'
Mono config path = 'C:/Program Files/Unity/Hub/Editor/2020.3.30f1/Editor/Data/MonoBleedingEdge/etc'
Using monoOptions --debugger-agent=transport=dt_socket,embedding=1,server=y,suspend=n,address=127.0.0.1:56624
Begin MonoManager ReloadAssembly
Registering precompiled unity dll's ...
Register platform support module: C:/Program Files/Unity/Hub/Editor/2020.3.30f1/Editor/Data/PlaybackEngines/WindowsStandaloneSupport/UnityEditor.WindowsStandalone.Extensions.dll
Registered in 0.004276 seconds.
Native extension for WindowsStandalone target not found
Refreshing native plugins compatible for Editor in 62.69 ms, found 2 plugins.
Preloading 0 native plugins for Editor in 0.00 ms.
Mono: successfully reloaded assembly
- Completed reload, in  0.778 seconds
Domain Reload Profiling:
	ReloadAssembly (779ms)
		BeginReloadAssembly (99ms)
			ExecutionOrderSort (0ms)
			DisableScriptedObjects (0ms)
			BackupInstance (0ms)
			ReleaseScriptingObjects (0ms)
			CreateAndSetChildDomain (1ms)
		EndReloadAssembly (580ms)
			LoadAssemblies (96ms)
			RebuildTransferFunctionScriptingTraits (0ms)
			SetupTypeCache (181ms)
			ReleaseScriptCaches (0ms)
			RebuildScriptCaches (41ms)
			SetupLoadedEditorAssemblies (222ms)
				LogAssemblyErrors (0ms)
				InitializePlatformSupportModulesInManaged (6ms)
				SetLoadedEditorAssemblies (0ms)
				RefreshPlugins (63ms)
				BeforeProcessingInitializeOnLoad (22ms)
				ProcessInitializeOnLoadAttributes (98ms)
				ProcessInitializeOnLoadMethodAttributes (33ms)
				AfterProcessingInitializeOnLoad (0ms)
				EditorAssembliesLoaded (0ms)
			ExecutionOrderSort2 (0ms)
			AwakeInstancesAfterBackupRestoration (0ms)
Platform modules already initialized, skipping
Registering precompiled user dll's ...
Registered in 0.004971 seconds.
Begin MonoManager ReloadAssembly
Native extension for WindowsStandalone target not found
Refreshing native plugins compatible for Editor in 0.70 ms, found 2 plugins.
Preloading 0 native plugins for Editor in 0.00 ms.
Mono: successfully reloaded assembly
- Completed reload, in  1.208 seconds
Domain Reload Profiling:
	ReloadAssembly (1209ms)
		BeginReloadAssembly (186ms)
			ExecutionOrderSort (0ms)
			DisableScriptedObjects (4ms)
			BackupInstance (0ms)
			ReleaseScriptingObjects (0ms)
			CreateAndSetChildDomain (23ms)
		EndReloadAssembly (949ms)
			LoadAssemblies (128ms)
			RebuildTransferFunctionScriptingTraits (0ms)
			SetupTypeCache (312ms)
			ReleaseScriptCaches (0ms)
			RebuildScriptCaches (63ms)
			SetupLoadedEditorAssemblies (374ms)
				LogAssemblyErrors (0ms)
				InitializePlatformSupportModulesInManaged (6ms)
				SetLoadedEditorAssemblies (1ms)
				RefreshPlugins (1ms)
				BeforeProcessingInitializeOnLoad (99ms)
				ProcessInitializeOnLoadAttributes (243ms)
				ProcessInitializeOnLoadMethodAttributes (11ms)
				AfterProcessingInitializeOnLoad (12ms)
				EditorAssembliesLoaded (0ms)
			ExecutionOrderSort2 (0ms)
			AwakeInstancesAfterBackupRestoration (7ms)
Platform modules already initialized, skipping
========================================================================
Worker process is ready to serve import requests
Launched and connected shader compiler UnityShaderCompiler.exe after 0.08 seconds
Refreshing native plugins compatible for Editor in 0.55 ms, found 2 plugins.
Preloading 0 native plugins for Editor in 0.00 ms.
Unloading 1673 Unused Serialized files (Serialized files now loaded: 0)
System memory in use before: 154.1 MB.
System memory in use after: 154.2 MB.

Unloading 18 unused Assets to reduce memory usage. Loaded Objects now: 2119.
Total: 3.533700 ms (FindLiveObjects: 0.171200 ms CreateObjectMapping: 0.041300 ms MarkObjects: 3.202300 ms  DeleteObjects: 0.117400 ms)

AssetImportParameters requested are different than current active one (requested -> active):
  custom:framework-win-MediaFoundation: 216162199b28c13a410421893ffa2e32 -> 
  custom:video-decoder-ogg-theora: a1e56fd34408186e4bbccfd4996cb3dc -> 
  custom:container-muxer-webm: aa71ff27fc2769a1b78a27578f13a17b -> 
  custom:container-demuxer-webm: 4f35f7cbe854078d1ac9338744f61a02 -> 
  custom:container-demuxer-ogg: 62fdf1f143b41e24485cea50d1cbac27 -> 
  custom:video-encoder-webm-vp8: eb34c28f22e8b96e1ab97ce403110664 -> 
  custom:video-decoder-webm-vp8: 9c59270c3fd7afecdb556c50c9e8de78 -> 
  custom:audio-decoder-ogg-vorbis: bf7c407c2cedff20999df2af8eb42d56 -> 
  custom:audio-encoder-webm-vorbis: bf7c407c2cedff20999df2af8eb42d56 -> 
========================================================================
Received Import Request.
  path: Assets/KimKJ/Data/LemuTest/Resources/UI Prefab/MonsterHPBar.prefab
  artifactKey: Guid(729bfd3741866df43812a2564ee1ab19) Importer(815301076,1909f56bfc062723c751e8b465ee728b)
Start importing Assets/KimKJ/Data/LemuTest/Resources/UI Prefab/MonsterHPBar.prefab using Guid(729bfd3741866df43812a2564ee1ab19) Importer(815301076,1909f56bfc062723c751e8b465ee728b)  -> (artifact id: '50ccd5640119094f3b0d915bb445c831') in 0.074158 seconds 
========================================================================
Received Import Request.
  Time since last request: 26.385069 seconds.
  path: Assets/KimKJ/Data/LemuTest/Resources/UI Prefab/MonsterHPBar.prefab
  artifactKey: Guid(729bfd3741866df43812a2564ee1ab19) Importer(815301076,1909f56bfc062723c751e8b465ee728b)
Start importing Assets/KimKJ/Data/LemuTest/Resources/UI Prefab/MonsterHPBar.prefab using Guid(729bfd3741866df43812a2564ee1ab19) Importer(815301076,1909f56bfc062723c751e8b465ee728b)  -> (artifact id: '37d5c81ecc90a83449b7c50f7f88cf01') in 0.009356 seconds 
========================================================================
Received Import Request.
  Time since last request: 4.076933 seconds.
  path: Assets/KimKJ/Data/LemuTest/Resources/UI Prefab/MonsterHPBar.prefab
  artifactKey: Guid(729bfd3741866df43812a2564ee1ab19) Importer(815301076,1909f56bfc062723c751e8b465ee728b)
Start importing Assets/KimKJ/Data/LemuTest/Resources/UI Prefab/MonsterHPBar.prefab using Guid(729bfd3741866df43812a2564ee1ab19) Importer(815301076,1909f56bfc062723c751e8b465ee728b)  -> (artifact id: '8138da2361dcd6247be22f384886b427') in 0.009719 seconds 
========================================================================
Received Import Request.
  Time since last request: 1.285366 seconds.
  path: Assets/KimKJ/Data/LemuTest/Resources/UI Prefab/MonsterHPBar.prefab
  artifactKey: Guid(729bfd3741866df43812a2564ee1ab19) Importer(815301076,1909f56bfc062723c751e8b465ee728b)
Start importing Assets/KimKJ/Data/LemuTest/Resources/UI Prefab/MonsterHPBar.prefab using Guid(729bfd3741866df43812a2564ee1ab19) Importer(815301076,1909f56bfc062723c751e8b465ee728b)  -> (artifact id: '3bf36d2a4894c5121c4cc3ba79625b58') in 0.009126 seconds 
========================================================================
Received Import Request.
  Time since last request: 9.758153 seconds.
  path: Assets/KimKJ/Data/LemuTest/Resources/UI Prefab/MonsterHPBar.prefab
  artifactKey: Guid(729bfd3741866df43812a2564ee1ab19) Importer(815301076,1909f56bfc062723c751e8b465ee728b)
Start importing Assets/KimKJ/Data/LemuTest/Resources/UI Prefab/MonsterHPBar.prefab using Guid(729bfd3741866df43812a2564ee1ab19) Importer(815301076,1909f56bfc062723c751e8b465ee728b)  -> (artifact id: '7aed7d41279bd28a87a08acaf02a09f1') in 0.008981 seconds 
========================================================================
Received Import Request.
  Time since last request: 26.591966 seconds.
  path: Assets/KimKJ/Data/LemuTest/Resources/UI Prefab/MonsterHPBar.prefab
  artifactKey: Guid(729bfd3741866df43812a2564ee1ab19) Importer(815301076,1909f56bfc062723c751e8b465ee728b)
Start importing Assets/KimKJ/Data/LemuTest/Resources/UI Prefab/MonsterHPBar.prefab using Guid(729bfd3741866df43812a2564ee1ab19) Importer(815301076,1909f56bfc062723c751e8b465ee728b)  -> (artifact id: '94076b4337886b281490ac21b7f3e644') in 0.008512 seconds 
========================================================================
Received Import Request.
  Time since last request: 13.828174 seconds.
  path: Assets/KimKJ/Data/LemuTest/Resources/UI Prefab/MonsterHPBar.prefab
  artifactKey: Guid(729bfd3741866df43812a2564ee1ab19) Importer(815301076,1909f56bfc062723c751e8b465ee728b)
Start importing Assets/KimKJ/Data/LemuTest/Resources/UI Prefab/MonsterHPBar.prefab using Guid(729bfd3741866df43812a2564ee1ab19) Importer(815301076,1909f56bfc062723c751e8b465ee728b)  -> (artifact id: '0791df4c08bd4de2645b38266e61aa58') in 0.008753 seconds 
========================================================================
Received Import Request.
  Time since last request: 3.465560 seconds.
  path: Assets/KimKJ/Data/LemuTest/Resources/UI Prefab/MonsterHPBar.prefab
  artifactKey: Guid(729bfd3741866df43812a2564ee1ab19) Importer(815301076,1909f56bfc062723c751e8b465ee728b)
Start importing Assets/KimKJ/Data/LemuTest/Resources/UI Prefab/MonsterHPBar.prefab using Guid(729bfd3741866df43812a2564ee1ab19) Importer(815301076,1909f56bfc062723c751e8b465ee728b)  -> (artifact id: '73c2ea7a11b26967b5e61d52e67e259b') in 0.008569 seconds 
========================================================================
Received Import Request.
  Time since last request: 13.269330 seconds.
  path: Assets/KimKJ/Data/LemuTest/Resources/UI Prefab/MonsterHPBar.prefab
  artifactKey: Guid(729bfd3741866df43812a2564ee1ab19) Importer(815301076,1909f56bfc062723c751e8b465ee728b)
Start importing Assets/KimKJ/Data/LemuTest/Resources/UI Prefab/MonsterHPBar.prefab using Guid(729bfd3741866df43812a2564ee1ab19) Importer(815301076,1909f56bfc062723c751e8b465ee728b)  -> (artifact id: 'a49824ec7febf938250b8abf7aae70c8') in 0.008712 seconds 
========================================================================
Received Import Request.
  Time since last request: 3.993143 seconds.
  path: Assets/KimKJ/Data/LemuTest/Resources/UI Prefab/MonsterHPBar.prefab
  artifactKey: Guid(729bfd3741866df43812a2564ee1ab19) Importer(815301076,1909f56bfc062723c751e8b465ee728b)
Start importing Assets/KimKJ/Data/LemuTest/Resources/UI Prefab/MonsterHPBar.prefab using Guid(729bfd3741866df43812a2564ee1ab19) Importer(815301076,1909f56bfc062723c751e8b465ee728b)  -> (artifact id: 'd43af0b5cc13a230cc6d3913f57984e2') in 0.008815 seconds 
========================================================================
Received Import Request.
  Time since last request: 1.840818 seconds.
  path: Assets/KimKJ/Data/LemuTest/Resources/UI Prefab/MonsterHPBar.prefab
  artifactKey: Guid(729bfd3741866df43812a2564ee1ab19) Importer(815301076,1909f56bfc062723c751e8b465ee728b)
Start importing Assets/KimKJ/Data/LemuTest/Resources/UI Prefab/MonsterHPBar.prefab using Guid(729bfd3741866df43812a2564ee1ab19) Importer(815301076,1909f56bfc062723c751e8b465ee728b)  -> (artifact id: 'd4786bc19be7fae64ad86b2731130f79') in 0.008781 seconds 
========================================================================
Received Import Request.
  Time since last request: 21.981922 seconds.
  path: Assets/KimKJ/Data/LemuTest/Resources/UI Prefab/MonsterHPBar.prefab
  artifactKey: Guid(729bfd3741866df43812a2564ee1ab19) Importer(815301076,1909f56bfc062723c751e8b465ee728b)
Start importing Assets/KimKJ/Data/LemuTest/Resources/UI Prefab/MonsterHPBar.prefab using Guid(729bfd3741866df43812a2564ee1ab19) Importer(815301076,1909f56bfc062723c751e8b465ee728b)  -> (artifact id: '51794bfd8b9d7e462d2ba3d4e6b68cb9') in 0.008796 seconds 
========================================================================
Received Import Request.
  Time since last request: 24.905751 seconds.
  path: Assets/KimKJ/Data/LemuTest/Resources/UI Prefab/MonsterHPBar.prefab
  artifactKey: Guid(729bfd3741866df43812a2564ee1ab19) Importer(815301076,1909f56bfc062723c751e8b465ee728b)
Start importing Assets/KimKJ/Data/LemuTest/Resources/UI Prefab/MonsterHPBar.prefab using Guid(729bfd3741866df43812a2564ee1ab19) Importer(815301076,1909f56bfc062723c751e8b465ee728b)  -> (artifact id: '05fae5ebf81d02a6059c54db6696187a') in 0.008779 seconds 
========================================================================
Received Import Request.
  Time since last request: 4.481572 seconds.
  path: Assets/KimKJ/Data/LemuTest/Resources/UI Prefab/MonsterHPBar.prefab
  artifactKey: Guid(729bfd3741866df43812a2564ee1ab19) Importer(815301076,1909f56bfc062723c751e8b465ee728b)
Start importing Assets/KimKJ/Data/LemuTest/Resources/UI Prefab/MonsterHPBar.prefab using Guid(729bfd3741866df43812a2564ee1ab19) Importer(815301076,1909f56bfc062723c751e8b465ee728b)  -> (artifact id: 'bdf53cc0e97c0101d903557906b54108') in 0.009601 seconds 
========================================================================
Received Import Request.
  Time since last request: 2.084384 seconds.
  path: Assets/KimKJ/Data/LemuTest/Resources/UI Prefab/MonsterHPBar.prefab
  artifactKey: Guid(729bfd3741866df43812a2564ee1ab19) Importer(815301076,1909f56bfc062723c751e8b465ee728b)
Start importing Assets/KimKJ/Data/LemuTest/Resources/UI Prefab/MonsterHPBar.prefab using Guid(729bfd3741866df43812a2564ee1ab19) Importer(815301076,1909f56bfc062723c751e8b465ee728b)  -> (artifact id: '8a60f46ba383c59c0535efac2612a0d3') in 0.009134 seconds 
========================================================================
Received Import Request.
  Time since last request: 5.231497 seconds.
  path: Assets/KimKJ/Data/LemuTest/Resources/UI Prefab/MonsterHPBar.prefab
  artifactKey: Guid(729bfd3741866df43812a2564ee1ab19) Importer(815301076,1909f56bfc062723c751e8b465ee728b)
Start importing Assets/KimKJ/Data/LemuTest/Resources/UI Prefab/MonsterHPBar.prefab using Guid(729bfd3741866df43812a2564ee1ab19) Importer(815301076,1909f56bfc062723c751e8b465ee728b)  -> (artifact id: 'c6f25bddf56cff54ecde41144ec011fc') in 0.008697 seconds 
========================================================================
Received Import Request.
  Time since last request: 77.806347 seconds.
  path: Assets/Minjun/Resources/Map/ArtifactFormulaHolderMesh (merge).fbx
  artifactKey: Guid(0d2568aa5fbcfcd41863af2151e53b5a) Importer(815301076,1909f56bfc062723c751e8b465ee728b)
Start importing Assets/Minjun/Resources/Map/ArtifactFormulaHolderMesh (merge).fbx using Guid(0d2568aa5fbcfcd41863af2151e53b5a) Importer(815301076,1909f56bfc062723c751e8b465ee728b)  -> (artifact id: '3592559cfeffd8abdaf642c493022410') in 0.492994 seconds 
========================================================================
Received Import Request.
  Time since last request: 0.000435 seconds.
  path: Assets/KimKJ/mdlBeetle #29504/mdlBeetle #29504.fbx
  artifactKey: Guid(0986930dc3971c24587d89f7f9cea572) Importer(815301076,1909f56bfc062723c751e8b465ee728b)
Start importing Assets/KimKJ/mdlBeetle #29504/mdlBeetle #29504.fbx using Guid(0986930dc3971c24587d89f7f9cea572) Importer(815301076,1909f56bfc062723c751e8b465ee728b)  -> (artifact id: '889d6ef6e70ebd5d843acc46af4cfff2') in 0.128509 seconds 
========================================================================
Received Import Request.
  Time since last request: 0.000381 seconds.
  path: Assets/HanJongSu/Datas/Model/mdlBeetle #29504/mdlBeetle #29504.fbx
  artifactKey: Guid(8dae5c360921bc747a3882f7b0ce76c9) Importer(815301076,1909f56bfc062723c751e8b465ee728b)
Start importing Assets/HanJongSu/Datas/Model/mdlBeetle #29504/mdlBeetle #29504.fbx using Guid(8dae5c360921bc747a3882f7b0ce76c9) Importer(815301076,1909f56bfc062723c751e8b465ee728b)  -> (artifact id: '5e6701a0b87757a2bc49c8ddcb1f9329') in 0.143536 seconds 
========================================================================
Received Import Request.
  Time since last request: 39.837818 seconds.
  path: Assets/KimKJ/Data/LemuTest/Resources/UI Prefab/MonsterHPBar.prefab
  artifactKey: Guid(729bfd3741866df43812a2564ee1ab19) Importer(815301076,1909f56bfc062723c751e8b465ee728b)
Start importing Assets/KimKJ/Data/LemuTest/Resources/UI Prefab/MonsterHPBar.prefab using Guid(729bfd3741866df43812a2564ee1ab19) Importer(815301076,1909f56bfc062723c751e8b465ee728b)  -> (artifact id: '88fcfed4acd812884c73eb4a7373c74f') in 0.010994 seconds 
========================================================================
Received Import Request.
  Time since last request: 11.876727 seconds.
  path: Assets/KimKJ/Data/LemuTest/Resources/UI Prefab/MonsterHPBar.prefab
  artifactKey: Guid(729bfd3741866df43812a2564ee1ab19) Importer(815301076,1909f56bfc062723c751e8b465ee728b)
Start importing Assets/KimKJ/Data/LemuTest/Resources/UI Prefab/MonsterHPBar.prefab using Guid(729bfd3741866df43812a2564ee1ab19) Importer(815301076,1909f56bfc062723c751e8b465ee728b)  -> (artifact id: 'b43b9597cf8fe2cb8fbb336fceb6b3c5') in 0.008734 seconds 
========================================================================
Received Import Request.
  Time since last request: 6.656237 seconds.
  path: Assets/KimKJ/Data/LemuTest/Resources/UI Prefab/MonsterHPBar.prefab
  artifactKey: Guid(729bfd3741866df43812a2564ee1ab19) Importer(815301076,1909f56bfc062723c751e8b465ee728b)
Start importing Assets/KimKJ/Data/LemuTest/Resources/UI Prefab/MonsterHPBar.prefab using Guid(729bfd3741866df43812a2564ee1ab19) Importer(815301076,1909f56bfc062723c751e8b465ee728b)  -> (artifact id: '4b79efe564cdc5a317bd0f4d1ca04d56') in 0.010772 seconds 
========================================================================
Received Import Request.
  Time since last request: 18.237836 seconds.
  path: Assets/KimKJ/Data/LemuTest/Resources/UI Prefab/MonsterHPBar.prefab
  artifactKey: Guid(729bfd3741866df43812a2564ee1ab19) Importer(815301076,1909f56bfc062723c751e8b465ee728b)
Start importing Assets/KimKJ/Data/LemuTest/Resources/UI Prefab/MonsterHPBar.prefab using Guid(729bfd3741866df43812a2564ee1ab19) Importer(815301076,1909f56bfc062723c751e8b465ee728b)  -> (artifact id: 'db9c34ebc23719e9ce2866b0371bb62a') in 0.010738 seconds 
========================================================================
Received Import Request.
  Time since last request: 16.847804 seconds.
  path: Assets/KimKJ/Data/LemuTest/Resources/UI Prefab/MonsterHPBar.prefab
  artifactKey: Guid(729bfd3741866df43812a2564ee1ab19) Importer(815301076,1909f56bfc062723c751e8b465ee728b)
Start importing Assets/KimKJ/Data/LemuTest/Resources/UI Prefab/MonsterHPBar.prefab using Guid(729bfd3741866df43812a2564ee1ab19) Importer(815301076,1909f56bfc062723c751e8b465ee728b)  -> (artifact id: 'c8885591ad8cec07177a00c37985227c') in 0.015056 seconds 
========================================================================
Received Import Request.
  Time since last request: 17.389235 seconds.
  path: Assets/KimKJ/Data/LemuTest/Resources/UI Prefab/MonsterHPBar.prefab
  artifactKey: Guid(729bfd3741866df43812a2564ee1ab19) Importer(815301076,1909f56bfc062723c751e8b465ee728b)
Start importing Assets/KimKJ/Data/LemuTest/Resources/UI Prefab/MonsterHPBar.prefab using Guid(729bfd3741866df43812a2564ee1ab19) Importer(815301076,1909f56bfc062723c751e8b465ee728b)  -> (artifact id: 'f3b27edf30068432baea9ee901557062') in 0.010470 seconds 
========================================================================
Received Import Request.
  Time since last request: 21.208717 seconds.
  path: Assets/KimKJ/Data/LemuTest/Resources/UI Prefab/MonsterHPBar.prefab
  artifactKey: Guid(729bfd3741866df43812a2564ee1ab19) Importer(815301076,1909f56bfc062723c751e8b465ee728b)
Start importing Assets/KimKJ/Data/LemuTest/Resources/UI Prefab/MonsterHPBar.prefab using Guid(729bfd3741866df43812a2564ee1ab19) Importer(815301076,1909f56bfc062723c751e8b465ee728b)  -> (artifact id: '0875fdec995638e80be37318cff89f6b') in 0.011781 seconds 
========================================================================
Received Import Request.
  Time since last request: 6.523815 seconds.
  path: Assets/KimKJ/Data/LemuTest/Resources/UI Prefab/MonsterHPBar.prefab
  artifactKey: Guid(729bfd3741866df43812a2564ee1ab19) Importer(815301076,1909f56bfc062723c751e8b465ee728b)
Start importing Assets/KimKJ/Data/LemuTest/Resources/UI Prefab/MonsterHPBar.prefab using Guid(729bfd3741866df43812a2564ee1ab19) Importer(815301076,1909f56bfc062723c751e8b465ee728b)  -> (artifact id: '2293b43cdec4383a7847cbac412aef92') in 0.010870 seconds 
========================================================================
Received Import Request.
  Time since last request: 17.296595 seconds.
  path: Assets/KimKJ/Data/LemuTest/Resources/UI Prefab/MonsterHPBar.prefab
  artifactKey: Guid(729bfd3741866df43812a2564ee1ab19) Importer(815301076,1909f56bfc062723c751e8b465ee728b)
Start importing Assets/KimKJ/Data/LemuTest/Resources/UI Prefab/MonsterHPBar.prefab using Guid(729bfd3741866df43812a2564ee1ab19) Importer(815301076,1909f56bfc062723c751e8b465ee728b)  -> (artifact id: '512db82cac8d09988aecee86ca120cd2') in 0.009352 seconds 
========================================================================
Received Import Request.
  Time since last request: 7.097251 seconds.
  path: Assets/KimKJ/Data/LemuTest/Resources/UI Prefab/MonsterHPBar.prefab
  artifactKey: Guid(729bfd3741866df43812a2564ee1ab19) Importer(815301076,1909f56bfc062723c751e8b465ee728b)
Start importing Assets/KimKJ/Data/LemuTest/Resources/UI Prefab/MonsterHPBar.prefab using Guid(729bfd3741866df43812a2564ee1ab19) Importer(815301076,1909f56bfc062723c751e8b465ee728b)  -> (artifact id: 'a990612d5d32e615b4d3036046c0b060') in 0.009070 seconds 
========================================================================
Received Import Request.
  Time since last request: 50.462363 seconds.
  path: Assets/KimKJ/Data/LemuTest/Resources/UI Prefab/MonsterHPBar.prefab
  artifactKey: Guid(729bfd3741866df43812a2564ee1ab19) Importer(815301076,1909f56bfc062723c751e8b465ee728b)
Start importing Assets/KimKJ/Data/LemuTest/Resources/UI Prefab/MonsterHPBar.prefab using Guid(729bfd3741866df43812a2564ee1ab19) Importer(815301076,1909f56bfc062723c751e8b465ee728b)  -> (artifact id: 'eb8a6bef5c82544b99cf502de4fd2bf6') in 0.010408 seconds 
========================================================================
Received Import Request.
  Time since last request: 39.931699 seconds.
  path: Assets/KimKJ/Data/LemuTest/Resources/UI Prefab/MonsterHPBar.prefab
  artifactKey: Guid(729bfd3741866df43812a2564ee1ab19) Importer(815301076,1909f56bfc062723c751e8b465ee728b)
Start importing Assets/KimKJ/Data/LemuTest/Resources/UI Prefab/MonsterHPBar.prefab using Guid(729bfd3741866df43812a2564ee1ab19) Importer(815301076,1909f56bfc062723c751e8b465ee728b)  -> (artifact id: 'aba494e7c950f6f6b00d147b53cf7262') in 0.010798 seconds 
========================================================================
Received Import Request.
  Time since last request: 21.335242 seconds.
  path: Assets/KimKJ/Data/LemuTest/Resources/UI Prefab/MonsterHPBar.prefab
  artifactKey: Guid(729bfd3741866df43812a2564ee1ab19) Importer(815301076,1909f56bfc062723c751e8b465ee728b)
Start importing Assets/KimKJ/Data/LemuTest/Resources/UI Prefab/MonsterHPBar.prefab using Guid(729bfd3741866df43812a2564ee1ab19) Importer(815301076,1909f56bfc062723c751e8b465ee728b)  -> (artifact id: 'ad9478c2f205f1d98d542b1eb5c280e5') in 0.010418 seconds 
========================================================================
Received Import Request.
  Time since last request: 1.177633 seconds.
  path: Assets/KimKJ/Data/LemuTest/Resources/UI Prefab/MonsterHPBar.prefab
  artifactKey: Guid(729bfd3741866df43812a2564ee1ab19) Importer(815301076,1909f56bfc062723c751e8b465ee728b)
Start importing Assets/KimKJ/Data/LemuTest/Resources/UI Prefab/MonsterHPBar.prefab using Guid(729bfd3741866df43812a2564ee1ab19) Importer(815301076,1909f56bfc062723c751e8b465ee728b)  -> (artifact id: '607a653d9cd5f08b4f49826e97821c2a') in 0.010761 seconds 
========================================================================
Received Import Request.
  Time since last request: 7.568688 seconds.
  path: Assets/KimKJ/Data/LemuTest/Resources/UI Prefab/MonsterHPBar.prefab
  artifactKey: Guid(729bfd3741866df43812a2564ee1ab19) Importer(815301076,1909f56bfc062723c751e8b465ee728b)
Start importing Assets/KimKJ/Data/LemuTest/Resources/UI Prefab/MonsterHPBar.prefab using Guid(729bfd3741866df43812a2564ee1ab19) Importer(815301076,1909f56bfc062723c751e8b465ee728b)  -> (artifact id: '56c0d00612ccd905547e16ba80612202') in 0.010928 seconds 
========================================================================
Received Import Request.
  Time since last request: 0.810667 seconds.
  path: Assets/KimKJ/Data/LemuTest/Resources/UI Prefab/MonsterHPBar.prefab
  artifactKey: Guid(729bfd3741866df43812a2564ee1ab19) Importer(815301076,1909f56bfc062723c751e8b465ee728b)
Start importing Assets/KimKJ/Data/LemuTest/Resources/UI Prefab/MonsterHPBar.prefab using Guid(729bfd3741866df43812a2564ee1ab19) Importer(815301076,1909f56bfc062723c751e8b465ee728b)  -> (artifact id: '0d8116602875ddfa6c16d0a8e6185b9b') in 0.011043 seconds 
========================================================================
Received Import Request.
  Time since last request: 1.148378 seconds.
  path: Assets/KimKJ/Data/LemuTest/Resources/UI Prefab/MonsterHPBar.prefab
  artifactKey: Guid(729bfd3741866df43812a2564ee1ab19) Importer(815301076,1909f56bfc062723c751e8b465ee728b)
Start importing Assets/KimKJ/Data/LemuTest/Resources/UI Prefab/MonsterHPBar.prefab using Guid(729bfd3741866df43812a2564ee1ab19) Importer(815301076,1909f56bfc062723c751e8b465ee728b)  -> (artifact id: '25dbaa1d38bdd5abe84f64922aa6dcab') in 0.010824 seconds 
========================================================================
Received Import Request.
  Time since last request: 0.489611 seconds.
  path: Assets/KimKJ/Data/LemuTest/Resources/UI Prefab/MonsterHPBar.prefab
  artifactKey: Guid(729bfd3741866df43812a2564ee1ab19) Importer(815301076,1909f56bfc062723c751e8b465ee728b)
Start importing Assets/KimKJ/Data/LemuTest/Resources/UI Prefab/MonsterHPBar.prefab using Guid(729bfd3741866df43812a2564ee1ab19) Importer(815301076,1909f56bfc062723c751e8b465ee728b)  -> (artifact id: '595a0cb19cdcb0692b6cb45873f840e1') in 0.010066 seconds 
========================================================================
Received Import Request.
  Time since last request: 29.654425 seconds.
  path: Assets/KimKJ/Data/LemuTest/Resources/UI Prefab/MonsterHPBar.prefab
  artifactKey: Guid(729bfd3741866df43812a2564ee1ab19) Importer(815301076,1909f56bfc062723c751e8b465ee728b)
Start importing Assets/KimKJ/Data/LemuTest/Resources/UI Prefab/MonsterHPBar.prefab using Guid(729bfd3741866df43812a2564ee1ab19) Importer(815301076,1909f56bfc062723c751e8b465ee728b)  -> (artifact id: '72695a01ca7c40d07afced64e54268a7') in 0.010093 seconds 
========================================================================
Received Import Request.
  Time since last request: 32.833742 seconds.
  path: Assets/KimKJ/Data/LemuTest/Resources/UI Prefab/MonsterHPBar.prefab
  artifactKey: Guid(729bfd3741866df43812a2564ee1ab19) Importer(815301076,1909f56bfc062723c751e8b465ee728b)
Start importing Assets/KimKJ/Data/LemuTest/Resources/UI Prefab/MonsterHPBar.prefab using Guid(729bfd3741866df43812a2564ee1ab19) Importer(815301076,1909f56bfc062723c751e8b465ee728b)  -> (artifact id: 'b5455b3bedda0bb5466ac567ff29caac') in 0.010586 seconds 
========================================================================
Received Import Request.
  Time since last request: 4.834897 seconds.
  path: Assets/KimKJ/Data/LemuTest/Resources/UI Prefab/MonsterHPBar.prefab
  artifactKey: Guid(729bfd3741866df43812a2564ee1ab19) Importer(815301076,1909f56bfc062723c751e8b465ee728b)
Start importing Assets/KimKJ/Data/LemuTest/Resources/UI Prefab/MonsterHPBar.prefab using Guid(729bfd3741866df43812a2564ee1ab19) Importer(815301076,1909f56bfc062723c751e8b465ee728b)  -> (artifact id: '908ea1a894b718a36e755626b94f3eb2') in 0.010380 seconds 
========================================================================
Received Import Request.
  Time since last request: 10.419237 seconds.
  path: Assets/KimKJ/Data/LemuTest/Resources/UI Prefab/MonsterHPBar.prefab
  artifactKey: Guid(729bfd3741866df43812a2564ee1ab19) Importer(815301076,1909f56bfc062723c751e8b465ee728b)
Start importing Assets/KimKJ/Data/LemuTest/Resources/UI Prefab/MonsterHPBar.prefab using Guid(729bfd3741866df43812a2564ee1ab19) Importer(815301076,1909f56bfc062723c751e8b465ee728b)  -> (artifact id: '2963b24fea264f8dfc959ae193fbdf8c') in 0.008055 seconds 
========================================================================
Received Import Request.
  Time since last request: 2.228555 seconds.
  path: Assets/KimKJ/Data/LemuTest/Resources/UI Prefab/MonsterHPBar.prefab
  artifactKey: Guid(729bfd3741866df43812a2564ee1ab19) Importer(815301076,1909f56bfc062723c751e8b465ee728b)
Start importing Assets/KimKJ/Data/LemuTest/Resources/UI Prefab/MonsterHPBar.prefab using Guid(729bfd3741866df43812a2564ee1ab19) Importer(815301076,1909f56bfc062723c751e8b465ee728b)  -> (artifact id: '6c22c109ae9e7e1a8c459ca8bf2e8de3') in 0.010419 seconds 
========================================================================
Received Import Request.
  Time since last request: 3.959583 seconds.
  path: Assets/KimKJ/Data/LemuTest/Resources/UI Prefab/MonsterHPBar.prefab
  artifactKey: Guid(729bfd3741866df43812a2564ee1ab19) Importer(815301076,1909f56bfc062723c751e8b465ee728b)
Start importing Assets/KimKJ/Data/LemuTest/Resources/UI Prefab/MonsterHPBar.prefab using Guid(729bfd3741866df43812a2564ee1ab19) Importer(815301076,1909f56bfc062723c751e8b465ee728b)  -> (artifact id: 'd8905eeabf9bfafc6876a3cc59ab3247') in 0.009501 seconds 
========================================================================
Received Import Request.
  Time since last request: 3.567174 seconds.
  path: Assets/KimKJ/Data/LemuTest/Resources/UI Prefab/MonsterHPBar.prefab
  artifactKey: Guid(729bfd3741866df43812a2564ee1ab19) Importer(815301076,1909f56bfc062723c751e8b465ee728b)
Start importing Assets/KimKJ/Data/LemuTest/Resources/UI Prefab/MonsterHPBar.prefab using Guid(729bfd3741866df43812a2564ee1ab19) Importer(815301076,1909f56bfc062723c751e8b465ee728b)  -> (artifact id: 'dec0a7e8717af2a3484ae691c8b0883a') in 0.009850 seconds 
========================================================================
Received Import Request.
  Time since last request: 6.475680 seconds.
  path: Assets/KimKJ/Data/LemuTest/Resources/UI Prefab/MonsterHPBar.prefab
  artifactKey: Guid(729bfd3741866df43812a2564ee1ab19) Importer(815301076,1909f56bfc062723c751e8b465ee728b)
Start importing Assets/KimKJ/Data/LemuTest/Resources/UI Prefab/MonsterHPBar.prefab using Guid(729bfd3741866df43812a2564ee1ab19) Importer(815301076,1909f56bfc062723c751e8b465ee728b)  -> (artifact id: 'f7666d3379c9c733c0d835471264918b') in 0.010575 seconds 
========================================================================
Received Import Request.
  Time since last request: 2.754295 seconds.
  path: Assets/KimKJ/Data/LemuTest/Resources/UI Prefab/MonsterHPBar.prefab
  artifactKey: Guid(729bfd3741866df43812a2564ee1ab19) Importer(815301076,1909f56bfc062723c751e8b465ee728b)
Start importing Assets/KimKJ/Data/LemuTest/Resources/UI Prefab/MonsterHPBar.prefab using Guid(729bfd3741866df43812a2564ee1ab19) Importer(815301076,1909f56bfc062723c751e8b465ee728b)  -> (artifact id: '7ac428e63698110a3da1dbdfbb320bb6') in 0.009688 seconds 
========================================================================
Received Import Request.
  Time since last request: 36.136372 seconds.
  path: Assets/KimKJ/Data/LemuTest/Resources/UI Prefab/MonsterHPBar.prefab
  artifactKey: Guid(729bfd3741866df43812a2564ee1ab19) Importer(815301076,1909f56bfc062723c751e8b465ee728b)
Start importing Assets/KimKJ/Data/LemuTest/Resources/UI Prefab/MonsterHPBar.prefab using Guid(729bfd3741866df43812a2564ee1ab19) Importer(815301076,1909f56bfc062723c751e8b465ee728b)  -> (artifact id: '26ec5c471d9f07ff248449a3e8c83a7d') in 0.009187 seconds 
========================================================================
Received Import Request.
  Time since last request: 6.403039 seconds.
  path: Assets/KimKJ/Data/LemuTest/Resources/UI Prefab/MonsterHPBar.prefab
  artifactKey: Guid(729bfd3741866df43812a2564ee1ab19) Importer(815301076,1909f56bfc062723c751e8b465ee728b)
Start importing Assets/KimKJ/Data/LemuTest/Resources/UI Prefab/MonsterHPBar.prefab using Guid(729bfd3741866df43812a2564ee1ab19) Importer(815301076,1909f56bfc062723c751e8b465ee728b)  -> (artifact id: '3c6174c38e9164f38f14dfb759bb071a') in 0.010787 seconds 
========================================================================
Received Import Request.
  Time since last request: 0.997826 seconds.
  path: Assets/KimKJ/Data/LemuTest/Resources/UI Prefab/MonsterHPBar.prefab
  artifactKey: Guid(729bfd3741866df43812a2564ee1ab19) Importer(815301076,1909f56bfc062723c751e8b465ee728b)
Start importing Assets/KimKJ/Data/LemuTest/Resources/UI Prefab/MonsterHPBar.prefab using Guid(729bfd3741866df43812a2564ee1ab19) Importer(815301076,1909f56bfc062723c751e8b465ee728b)  -> (artifact id: 'de308eebc2a7adb9fda8ee5646677334') in 0.009790 seconds 
========================================================================
Received Import Request.
  Time since last request: 13.852708 seconds.
  path: Assets/KimKJ/Data/LemuTest/Resources/UI Prefab/MonsterHPBar.prefab
  artifactKey: Guid(729bfd3741866df43812a2564ee1ab19) Importer(815301076,1909f56bfc062723c751e8b465ee728b)
Start importing Assets/KimKJ/Data/LemuTest/Resources/UI Prefab/MonsterHPBar.prefab using Guid(729bfd3741866df43812a2564ee1ab19) Importer(815301076,1909f56bfc062723c751e8b465ee728b)  -> (artifact id: 'f8ad575b594e484896caeb18e831c0c3') in 0.010241 seconds 
========================================================================
Received Import Request.
  Time since last request: 47.918780 seconds.
  path: Assets/KimKJ/Data/LemuTest/Resources/UI Prefab/MonsterHPBar.prefab
  artifactKey: Guid(729bfd3741866df43812a2564ee1ab19) Importer(815301076,1909f56bfc062723c751e8b465ee728b)
Start importing Assets/KimKJ/Data/LemuTest/Resources/UI Prefab/MonsterHPBar.prefab using Guid(729bfd3741866df43812a2564ee1ab19) Importer(815301076,1909f56bfc062723c751e8b465ee728b)  -> (artifact id: '41cece3ef437ea874864cbc8ceec770b') in 0.011055 seconds 
========================================================================
Received Import Request.
  Time since last request: 10.324530 seconds.
  path: Assets/KimKJ/Data/LemuTest/Resources/UI Prefab/MonsterHPBar.prefab
  artifactKey: Guid(729bfd3741866df43812a2564ee1ab19) Importer(815301076,1909f56bfc062723c751e8b465ee728b)
Start importing Assets/KimKJ/Data/LemuTest/Resources/UI Prefab/MonsterHPBar.prefab using Guid(729bfd3741866df43812a2564ee1ab19) Importer(815301076,1909f56bfc062723c751e8b465ee728b)  -> (artifact id: '49882daf17036ee2f8cfd80a127c6b45') in 0.011189 seconds 
========================================================================
Received Import Request.
  Time since last request: 56.344601 seconds.
  path: Assets/KimKJ/Data/LemuTest/Resources/UI Prefab/MonsterHPBar.prefab
  artifactKey: Guid(729bfd3741866df43812a2564ee1ab19) Importer(815301076,1909f56bfc062723c751e8b465ee728b)
Start importing Assets/KimKJ/Data/LemuTest/Resources/UI Prefab/MonsterHPBar.prefab using Guid(729bfd3741866df43812a2564ee1ab19) Importer(815301076,1909f56bfc062723c751e8b465ee728b)  -> (artifact id: '1bf0780bd6d472e6d2b0dbe3faa6a7ce') in 0.009359 seconds 
========================================================================
Received Import Request.
  Time since last request: 7.750842 seconds.
  path: Assets/KimKJ/Data/LemuTest/Resources/UI Prefab/MonsterHPBar.prefab
  artifactKey: Guid(729bfd3741866df43812a2564ee1ab19) Importer(815301076,1909f56bfc062723c751e8b465ee728b)
Start importing Assets/KimKJ/Data/LemuTest/Resources/UI Prefab/MonsterHPBar.prefab using Guid(729bfd3741866df43812a2564ee1ab19) Importer(815301076,1909f56bfc062723c751e8b465ee728b)  -> (artifact id: '4ed4fdcc575d8d547d888c168e479443') in 0.010176 seconds 
========================================================================
Received Import Request.
  Time since last request: 16.843207 seconds.
  path: Assets/KimKJ/Data/LemuTest/Resources/UI Prefab/MonsterHPBar.prefab
  artifactKey: Guid(729bfd3741866df43812a2564ee1ab19) Importer(815301076,1909f56bfc062723c751e8b465ee728b)
Start importing Assets/KimKJ/Data/LemuTest/Resources/UI Prefab/MonsterHPBar.prefab using Guid(729bfd3741866df43812a2564ee1ab19) Importer(815301076,1909f56bfc062723c751e8b465ee728b)  -> (artifact id: '2814d1b9f1eb98e2776c978862a141ab') in 0.010066 seconds 
========================================================================
Received Import Request.
  Time since last request: 4.431900 seconds.
  path: Assets/KimKJ/Data/LemuTest/Resources/UI Prefab/MonsterHPBar.prefab
  artifactKey: Guid(729bfd3741866df43812a2564ee1ab19) Importer(815301076,1909f56bfc062723c751e8b465ee728b)
Start importing Assets/KimKJ/Data/LemuTest/Resources/UI Prefab/MonsterHPBar.prefab using Guid(729bfd3741866df43812a2564ee1ab19) Importer(815301076,1909f56bfc062723c751e8b465ee728b)  -> (artifact id: 'fb299973de46307d92b9f390f928b74a') in 0.010546 seconds 
========================================================================
Received Prepare
Registering precompiled user dll's ...
Registered in 0.004400 seconds.
Begin MonoManager ReloadAssembly
Native extension for WindowsStandalone target not found
Refreshing native plugins compatible for Editor in 0.56 ms, found 2 plugins.
Preloading 0 native plugins for Editor in 0.00 ms.
Mono: successfully reloaded assembly
- Completed reload, in  1.117 seconds
Domain Reload Profiling:
	ReloadAssembly (1118ms)
		BeginReloadAssembly (166ms)
			ExecutionOrderSort (0ms)
			DisableScriptedObjects (4ms)
			BackupInstance (0ms)
			ReleaseScriptingObjects (0ms)
			CreateAndSetChildDomain (37ms)
		EndReloadAssembly (874ms)
			LoadAssemblies (148ms)
			RebuildTransferFunctionScriptingTraits (0ms)
			SetupTypeCache (313ms)
			ReleaseScriptCaches (1ms)
			RebuildScriptCaches (51ms)
			SetupLoadedEditorAssemblies (317ms)
				LogAssemblyErrors (0ms)
				InitializePlatformSupportModulesInManaged (5ms)
				SetLoadedEditorAssemblies (1ms)
				RefreshPlugins (1ms)
				BeforeProcessingInitializeOnLoad (92ms)
				ProcessInitializeOnLoadAttributes (200ms)
				ProcessInitializeOnLoadMethodAttributes (9ms)
				AfterProcessingInitializeOnLoad (10ms)
				EditorAssembliesLoaded (0ms)
			ExecutionOrderSort2 (0ms)
			AwakeInstancesAfterBackupRestoration (6ms)
Platform modules already initialized, skipping
Refreshing native plugins compatible for Editor in 0.55 ms, found 2 plugins.
Preloading 0 native plugins for Editor in 0.00 ms.
Unloading 1637 Unused Serialized files (Serialized files now loaded: 0)
System memory in use before: 168.0 MB.
System memory in use after: 168.1 MB.

Unloading 15 unused Assets to reduce memory usage. Loaded Objects now: 2166.
Total: 3.936400 ms (FindLiveObjects: 0.217800 ms CreateObjectMapping: 0.078700 ms MarkObjects: 3.525700 ms  DeleteObjects: 0.112500 ms)

AssetImportParameters requested are different than current active one (requested -> active):
  custom:framework-win-MediaFoundation: 216162199b28c13a410421893ffa2e32 -> 
  custom:video-decoder-ogg-theora: a1e56fd34408186e4bbccfd4996cb3dc -> 
  custom:container-muxer-webm: aa71ff27fc2769a1b78a27578f13a17b -> 
  custom:container-demuxer-webm: 4f35f7cbe854078d1ac9338744f61a02 -> 
  custom:container-demuxer-ogg: 62fdf1f143b41e24485cea50d1cbac27 -> 
  custom:video-encoder-webm-vp8: eb34c28f22e8b96e1ab97ce403110664 -> 
  custom:video-decoder-webm-vp8: 9c59270c3fd7afecdb556c50c9e8de78 -> 
  custom:audio-decoder-ogg-vorbis: bf7c407c2cedff20999df2af8eb42d56 -> 
  custom:audio-encoder-webm-vorbis: bf7c407c2cedff20999df2af8eb42d56 -> 
========================================================================
Received Prepare
Registering precompiled user dll's ...
Registered in 0.004869 seconds.
Begin MonoManager ReloadAssembly
Native extension for WindowsStandalone target not found
Refreshing native plugins compatible for Editor in 0.80 ms, found 2 plugins.
Preloading 0 native plugins for Editor in 0.00 ms.
Mono: successfully reloaded assembly
- Completed reload, in  1.352 seconds
Domain Reload Profiling:
	ReloadAssembly (1353ms)
		BeginReloadAssembly (176ms)
			ExecutionOrderSort (0ms)
			DisableScriptedObjects (7ms)
			BackupInstance (0ms)
			ReleaseScriptingObjects (0ms)
			CreateAndSetChildDomain (52ms)
		EndReloadAssembly (1076ms)
			LoadAssemblies (142ms)
			RebuildTransferFunctionScriptingTraits (0ms)
			SetupTypeCache (367ms)
			ReleaseScriptCaches (2ms)
			RebuildScriptCaches (64ms)
			SetupLoadedEditorAssemblies (398ms)
				LogAssemblyErrors (0ms)
				InitializePlatformSupportModulesInManaged (7ms)
				SetLoadedEditorAssemblies (1ms)
				RefreshPlugins (1ms)
				BeforeProcessingInitializeOnLoad (105ms)
				ProcessInitializeOnLoadAttributes (257ms)
				ProcessInitializeOnLoadMethodAttributes (13ms)
				AfterProcessingInitializeOnLoad (13ms)
				EditorAssembliesLoaded (1ms)
			ExecutionOrderSort2 (0ms)
			AwakeInstancesAfterBackupRestoration (8ms)
Platform modules already initialized, skipping
Refreshing native plugins compatible for Editor in 0.71 ms, found 2 plugins.
Preloading 0 native plugins for Editor in 0.00 ms.
Unloading 1637 Unused Serialized files (Serialized files now loaded: 0)
System memory in use before: 168.0 MB.
System memory in use after: 168.1 MB.

Unloading 13 unused Assets to reduce memory usage. Loaded Objects now: 2169.
Total: 5.029400 ms (FindLiveObjects: 0.416900 ms CreateObjectMapping: 0.097700 ms MarkObjects: 4.389300 ms  DeleteObjects: 0.123500 ms)

AssetImportParameters requested are different than current active one (requested -> active):
  custom:framework-win-MediaFoundation: 216162199b28c13a410421893ffa2e32 -> 
  custom:video-decoder-ogg-theora: a1e56fd34408186e4bbccfd4996cb3dc -> 
  custom:container-muxer-webm: aa71ff27fc2769a1b78a27578f13a17b -> 
  custom:container-demuxer-webm: 4f35f7cbe854078d1ac9338744f61a02 -> 
  custom:container-demuxer-ogg: 62fdf1f143b41e24485cea50d1cbac27 -> 
  custom:video-encoder-webm-vp8: eb34c28f22e8b96e1ab97ce403110664 -> 
  custom:video-decoder-webm-vp8: 9c59270c3fd7afecdb556c50c9e8de78 -> 
  custom:audio-decoder-ogg-vorbis: bf7c407c2cedff20999df2af8eb42d56 -> 
  custom:audio-encoder-webm-vorbis: bf7c407c2cedff20999df2af8eb42d56 -> 
========================================================================
Received Import Request.
  Time since last request: 221.017976 seconds.
  path: Assets/Kimjiheon/Resources/Prefeb/BulletMouse0.prefab
  artifactKey: Guid(eacffd9909d58bc41a09ab4f6d0e584a) Importer(815301076,1909f56bfc062723c751e8b465ee728b)
Start importing Assets/Kimjiheon/Resources/Prefeb/BulletMouse0.prefab using Guid(eacffd9909d58bc41a09ab4f6d0e584a) Importer(815301076,1909f56bfc062723c751e8b465ee728b)  -> (artifact id: '03b192b40ffeaa6b230bbc44592ee9c3') in 0.085767 seconds 
========================================================================
Received Import Request.
  Time since last request: 0.000317 seconds.
  path: Assets/Minjun/EffectExamples/JMO Assets/Cartoon FX/Textures/CFX2_T_WWSmoke Glow AB.tga
  artifactKey: Guid(cb1e9236f4c5c7d47b900b5f0026b10f) Importer(815301076,1909f56bfc062723c751e8b465ee728b)
Start importing Assets/Minjun/EffectExamples/JMO Assets/Cartoon FX/Textures/CFX2_T_WWSmoke Glow AB.tga using Guid(cb1e9236f4c5c7d47b900b5f0026b10f) Importer(815301076,1909f56bfc062723c751e8b465ee728b)  -> (artifact id: 'f92e7f4d530dc488e9bf0d2fdb81af9e') in 0.181123 seconds 
========================================================================
Received Import Request.
  Time since last request: 0.000465 seconds.
  path: Assets/Minjun/EffectExamples/JMO Assets/Cartoon FX/Textures/CFX_T_Smoke_4Frames.tga
  artifactKey: Guid(3d70761f9ae377945a3aad2a3936df5e) Importer(815301076,1909f56bfc062723c751e8b465ee728b)
Start importing Assets/Minjun/EffectExamples/JMO Assets/Cartoon FX/Textures/CFX_T_Smoke_4Frames.tga using Guid(3d70761f9ae377945a3aad2a3936df5e) Importer(815301076,1909f56bfc062723c751e8b465ee728b)  -> (artifact id: 'f2c7865306b1d854e453304f47c3ce56') in 0.058104 seconds 
========================================================================
Received Import Request.
  Time since last request: 0.000348 seconds.
  path: Assets/HSJ/TextMesh Pro/Resources/Sprite Assets/EmojiOne.asset
  artifactKey: Guid(68243b1b5fd023e4297fa3461f87eca5) Importer(815301076,1909f56bfc062723c751e8b465ee728b)
Start importing Assets/HSJ/TextMesh Pro/Resources/Sprite Assets/EmojiOne.asset using Guid(68243b1b5fd023e4297fa3461f87eca5) Importer(815301076,1909f56bfc062723c751e8b465ee728b)  -> (artifact id: '719aba270b8865b0c10a06f4e467a792') in 0.054564 seconds 
========================================================================
Received Import Request.
  Time since last request: 0.000369 seconds.
  path: Assets/Various Genres Music Collection/Loop/Cinema Loop/Emotional Cinema 01.ogg
  artifactKey: Guid(7a4fdc4b08bab23419cbc44c2800c70a) Importer(815301076,1909f56bfc062723c751e8b465ee728b)
Start importing Assets/Various Genres Music Collection/Loop/Cinema Loop/Emotional Cinema 01.ogg using Guid(7a4fdc4b08bab23419cbc44c2800c70a) Importer(815301076,1909f56bfc062723c751e8b465ee728b)  -> (artifact id: '97f0dd9ea026348a4c261fd581c1daec') in 0.104688 seconds 
========================================================================
Received Import Request.
  Time since last request: 0.000376 seconds.
  path: Assets/HSJ/TextMesh Pro/Sprites/EmojiOne.png
  artifactKey: Guid(ac7c4eb3a5d285c4a8dddeb3b54c7957) Importer(815301076,1909f56bfc062723c751e8b465ee728b)
Start importing Assets/HSJ/TextMesh Pro/Sprites/EmojiOne.png using Guid(ac7c4eb3a5d285c4a8dddeb3b54c7957) Importer(815301076,1909f56bfc062723c751e8b465ee728b)  -> (artifact id: 'a97c2e49ffa13278e3ee7dafb13201ce') in 0.061772 seconds 
========================================================================
Received Import Request.
  Time since last request: 0.000423 seconds.
  path: Assets/Minjun/EffectExamples/JMO Assets/Cartoon FX/Textures/CFX2_T_WWInvSmoke2 AB.png
  artifactKey: Guid(d1df5e260d03bda4fb1f5e2b6c1e0989) Importer(815301076,1909f56bfc062723c751e8b465ee728b)
Start importing Assets/Minjun/EffectExamples/JMO Assets/Cartoon FX/Textures/CFX2_T_WWInvSmoke2 AB.png using Guid(d1df5e260d03bda4fb1f5e2b6c1e0989) Importer(815301076,1909f56bfc062723c751e8b465ee728b)  -> (artifact id: '83cc96deeb0759fa9f9e28671859a7dc') in 0.079448 seconds 
========================================================================
Received Import Request.
  Time since last request: 0.000329 seconds.
  path: Assets/Minjun/EffectExamples/JMO Assets/Cartoon FX/Textures/CFX2_T_Diamond Outline.png
  artifactKey: Guid(ee95c6682c9bfc84184687afe06f0aaf) Importer(815301076,1909f56bfc062723c751e8b465ee728b)
Start importing Assets/Minjun/EffectExamples/JMO Assets/Cartoon FX/Textures/CFX2_T_Diamond Outline.png using Guid(ee95c6682c9bfc84184687afe06f0aaf) Importer(815301076,1909f56bfc062723c751e8b465ee728b)  -> (artifact id: 'fb58de98add7e1bebf475df9e4f3c095') in 0.061679 seconds 
========================================================================
Received Import Request.
  Time since last request: 0.000472 seconds.
  path: Assets/TextMesh Pro/Sprites/EmojiOne.png
  artifactKey: Guid(dffef66376be4fa480fb02b19edbe903) Importer(815301076,1909f56bfc062723c751e8b465ee728b)
Start importing Assets/TextMesh Pro/Sprites/EmojiOne.png using Guid(dffef66376be4fa480fb02b19edbe903) Importer(815301076,1909f56bfc062723c751e8b465ee728b)  -> (artifact id: '15770c780ebad2127a7dba05b3837a4c') in 0.016867 seconds 
========================================================================
Received Import Request.
  Time since last request: 0.000400 seconds.
  path: Assets/Minjun/EffectExamples/JMO Assets/Cartoon FX/Textures/CFX3_T_SmokePuff.png
  artifactKey: Guid(aff991a95cb92204fa62dffc7e7b6ead) Importer(815301076,1909f56bfc062723c751e8b465ee728b)
Start importing Assets/Minjun/EffectExamples/JMO Assets/Cartoon FX/Textures/CFX3_T_SmokePuff.png using Guid(aff991a95cb92204fa62dffc7e7b6ead) Importer(815301076,1909f56bfc062723c751e8b465ee728b)  -> (artifact id: '3dcf4f77aafa5c03cd639e1f3a19dd2d') in 0.059611 seconds 
========================================================================
Received Import Request.
  Time since last request: 0.000401 seconds.
  path: Assets/Various Genres Music Collection/NonLoop/Electro NonLoop/Emotional Electro Music 01.ogg
  artifactKey: Guid(6ce0c10f52817e74bac5770b46c1309b) Importer(815301076,1909f56bfc062723c751e8b465ee728b)
Start importing Assets/Various Genres Music Collection/NonLoop/Electro NonLoop/Emotional Electro Music 01.ogg using Guid(6ce0c10f52817e74bac5770b46c1309b) Importer(815301076,1909f56bfc062723c751e8b465ee728b)  -> (artifact id: '6c2bd4f0f10a47de7bf3992d915972a0') in 0.018927 seconds 
========================================================================
Received Import Request.
  Time since last request: 0.000433 seconds.
  path: Assets/Minjun/EffectExamples/JMO Assets/Cartoon FX/Textures/CFX4_T_SmokePuff AB.png
  artifactKey: Guid(c6706155351f6f64cb72882fdc1ca251) Importer(815301076,1909f56bfc062723c751e8b465ee728b)
Start importing Assets/Minjun/EffectExamples/JMO Assets/Cartoon FX/Textures/CFX4_T_SmokePuff AB.png using Guid(c6706155351f6f64cb72882fdc1ca251) Importer(815301076,1909f56bfc062723c751e8b465ee728b)  -> (artifact id: '1ce59eada6a2aa7c0b297d512d1985b3') in 0.068771 seconds 
========================================================================
Received Import Request.
  Time since last request: 0.000353 seconds.
  path: Assets/Various Genres Music Collection/NonLoop/Rock NonLoop/Emotional Rock Music 03.ogg
  artifactKey: Guid(7e8288083cca9b445b840332770bb318) Importer(815301076,1909f56bfc062723c751e8b465ee728b)
Start importing Assets/Various Genres Music Collection/NonLoop/Rock NonLoop/Emotional Rock Music 03.ogg using Guid(7e8288083cca9b445b840332770bb318) Importer(815301076,1909f56bfc062723c751e8b465ee728b)  -> (artifact id: 'aa6a4c87ba1f9404ea40d106f728983b') in 0.017539 seconds 
========================================================================
Received Import Request.
  Time since last request: 0.000356 seconds.
  path: Assets/Kimjiheon/Data/Character/Materials/ParticleMaterial/Particle System/Hit Impact Effects/Materials/Hits/HIE_Hit_01_Smoke_01.mat
  artifactKey: Guid(9097f20ba94d8734b8177e657244b84a) Importer(815301076,1909f56bfc062723c751e8b465ee728b)
Start importing Assets/Kimjiheon/Data/Character/Materials/ParticleMaterial/Particle System/Hit Impact Effects/Materials/Hits/HIE_Hit_01_Smoke_01.mat using Guid(9097f20ba94d8734b8177e657244b84a) Importer(815301076,1909f56bfc062723c751e8b465ee728b)  -> (artifact id: 'dcc7869db6bb16efbddfa562cb91f840') in 0.061299 seconds 
========================================================================
Received Import Request.
  Time since last request: 0.000447 seconds.
  path: Assets/Kimjiheon/Resources/Prefeb/BulletMouse1.prefab
  artifactKey: Guid(2a0a92da6bbf8bd4d9e507bbdb7f565e) Importer(815301076,1909f56bfc062723c751e8b465ee728b)
Start importing Assets/Kimjiheon/Resources/Prefeb/BulletMouse1.prefab using Guid(2a0a92da6bbf8bd4d9e507bbdb7f565e) Importer(815301076,1909f56bfc062723c751e8b465ee728b)  -> (artifact id: 'b7bbbae84baecdac99b5327876ca7f03') in 0.027642 seconds 
========================================================================
Received Import Request.
  Time since last request: 0.000518 seconds.
  path: Assets/Kimjiheon/Data/Character/Materials/ParticleMaterial/Particle System/Hit Impact Effects/Materials/Hits/HIE_Hit_01_Smoke_02.mat
  artifactKey: Guid(f38a028bc5600c64d88a2994c57e0c9f) Importer(815301076,1909f56bfc062723c751e8b465ee728b)
Start importing Assets/Kimjiheon/Data/Character/Materials/ParticleMaterial/Particle System/Hit Impact Effects/Materials/Hits/HIE_Hit_01_Smoke_02.mat using Guid(f38a028bc5600c64d88a2994c57e0c9f) Importer(815301076,1909f56bfc062723c751e8b465ee728b)  -> (artifact id: '7c5093e87409e1af315bb9d9678059bc') in 0.023683 seconds 
========================================================================
Received Import Request.
  Time since last request: 0.000360 seconds.
  path: Assets/Minjun/EffectExamples/JMO Assets/Cartoon FX/Textures/CFX2_T_WWInvSmoke ABP.png
  artifactKey: Guid(c4e3abfa6e9926248871f8c55bbbc57d) Importer(815301076,1909f56bfc062723c751e8b465ee728b)
Start importing Assets/Minjun/EffectExamples/JMO Assets/Cartoon FX/Textures/CFX2_T_WWInvSmoke ABP.png using Guid(c4e3abfa6e9926248871f8c55bbbc57d) Importer(815301076,1909f56bfc062723c751e8b465ee728b)  -> (artifact id: 'f0e0d8436a0f9c0f2a08ace373451a5e') in 0.054768 seconds 
========================================================================
Received Import Request.
  Time since last request: 0.000422 seconds.
  path: Assets/TextMesh Pro/Resources/Sprite Assets/EmojiOne.asset
  artifactKey: Guid(c41005c129ba4d66911b75229fd70b45) Importer(815301076,1909f56bfc062723c751e8b465ee728b)
Start importing Assets/TextMesh Pro/Resources/Sprite Assets/EmojiOne.asset using Guid(c41005c129ba4d66911b75229fd70b45) Importer(815301076,1909f56bfc062723c751e8b465ee728b)  -> (artifact id: 'ae9630bc5d9b3a5dfb6959979e721fb4') in 0.011306 seconds 
========================================================================
Received Import Request.
  Time since last request: 0.000405 seconds.
  path: Assets/Various Genres Music Collection/NonLoop/Rock NonLoop/Emotional Rock Music 01.ogg
  artifactKey: Guid(277299639d7cb6e48aaeea1a76ff26dc) Importer(815301076,1909f56bfc062723c751e8b465ee728b)
Start importing Assets/Various Genres Music Collection/NonLoop/Rock NonLoop/Emotional Rock Music 01.ogg using Guid(277299639d7cb6e48aaeea1a76ff26dc) Importer(815301076,1909f56bfc062723c751e8b465ee728b)  -> (artifact id: '0836701fdc557f07ba8325c9e9d71f00') in 0.027595 seconds 
========================================================================
Received Import Request.
  Time since last request: 0.000346 seconds.
  path: Assets/Minjun/EffectExamples/JMO Assets/Cartoon FX/Textures/CFX2_T_Diamond.png
  artifactKey: Guid(b271b752f88ea45478b526f9a8b763b0) Importer(815301076,1909f56bfc062723c751e8b465ee728b)
Start importing Assets/Minjun/EffectExamples/JMO Assets/Cartoon FX/Textures/CFX2_T_Diamond.png using Guid(b271b752f88ea45478b526f9a8b763b0) Importer(815301076,1909f56bfc062723c751e8b465ee728b)  -> (artifact id: 'dde8654c2018866dc5656206cd36b3af') in 0.078281 seconds 
========================================================================
Received Import Request.
  Time since last request: 0.000372 seconds.
  path: Assets/Various Genres Music Collection/NonLoop/Ambient NonLoop/Emotional Ambient Music 01.ogg
  artifactKey: Guid(99ebcf4236da9114896415f290272f75) Importer(815301076,1909f56bfc062723c751e8b465ee728b)
Start importing Assets/Various Genres Music Collection/NonLoop/Ambient NonLoop/Emotional Ambient Music 01.ogg using Guid(99ebcf4236da9114896415f290272f75) Importer(815301076,1909f56bfc062723c751e8b465ee728b)  -> (artifact id: '3ffa5f5d79f9952eca8a8e8414f40cd6') in 0.023048 seconds 
========================================================================
Received Import Request.
  Time since last request: 20.253408 seconds.
  path: Assets/KimKJ/Data/LemuTest/Resources/UI Prefab/MonsterHPBar.prefab
  artifactKey: Guid(729bfd3741866df43812a2564ee1ab19) Importer(815301076,1909f56bfc062723c751e8b465ee728b)
Start importing Assets/KimKJ/Data/LemuTest/Resources/UI Prefab/MonsterHPBar.prefab using Guid(729bfd3741866df43812a2564ee1ab19) Importer(815301076,1909f56bfc062723c751e8b465ee728b)  -> (artifact id: 'fcb3e2dfe429147396c4b41272cef3a1') in 0.023355 seconds 
========================================================================
Received Prepare
Registering precompiled user dll's ...
Registered in 0.004863 seconds.
Begin MonoManager ReloadAssembly
Native extension for WindowsStandalone target not found
Refreshing native plugins compatible for Editor in 0.64 ms, found 2 plugins.
Preloading 0 native plugins for Editor in 0.00 ms.
Mono: successfully reloaded assembly
- Completed reload, in  1.291 seconds
Domain Reload Profiling:
	ReloadAssembly (1292ms)
		BeginReloadAssembly (167ms)
			ExecutionOrderSort (0ms)
			DisableScriptedObjects (5ms)
			BackupInstance (0ms)
			ReleaseScriptingObjects (0ms)
			CreateAndSetChildDomain (45ms)
		EndReloadAssembly (1041ms)
			LoadAssemblies (152ms)
			RebuildTransferFunctionScriptingTraits (0ms)
			SetupTypeCache (332ms)
			ReleaseScriptCaches (2ms)
			RebuildScriptCaches (64ms)
			SetupLoadedEditorAssemblies (410ms)
				LogAssemblyErrors (0ms)
				InitializePlatformSupportModulesInManaged (6ms)
				SetLoadedEditorAssemblies (1ms)
				RefreshPlugins (1ms)
				BeforeProcessingInitializeOnLoad (98ms)
				ProcessInitializeOnLoadAttributes (278ms)
				ProcessInitializeOnLoadMethodAttributes (13ms)
				AfterProcessingInitializeOnLoad (13ms)
				EditorAssembliesLoaded (1ms)
			ExecutionOrderSort2 (0ms)
			AwakeInstancesAfterBackupRestoration (8ms)
Platform modules already initialized, skipping
Refreshing native plugins compatible for Editor in 0.95 ms, found 2 plugins.
Preloading 0 native plugins for Editor in 0.00 ms.
Unloading 1637 Unused Serialized files (Serialized files now loaded: 0)
System memory in use before: 168.1 MB.
System memory in use after: 168.2 MB.

Unloading 15 unused Assets to reduce memory usage. Loaded Objects now: 2177.
Total: 3.844800 ms (FindLiveObjects: 0.254800 ms CreateObjectMapping: 0.091500 ms MarkObjects: 3.405100 ms  DeleteObjects: 0.091700 ms)

AssetImportParameters requested are different than current active one (requested -> active):
  custom:framework-win-MediaFoundation: 216162199b28c13a410421893ffa2e32 -> 
  custom:video-decoder-ogg-theora: a1e56fd34408186e4bbccfd4996cb3dc -> 
  custom:container-muxer-webm: aa71ff27fc2769a1b78a27578f13a17b -> 
  custom:container-demuxer-webm: 4f35f7cbe854078d1ac9338744f61a02 -> 
  custom:container-demuxer-ogg: 62fdf1f143b41e24485cea50d1cbac27 -> 
  custom:video-encoder-webm-vp8: eb34c28f22e8b96e1ab97ce403110664 -> 
  custom:video-decoder-webm-vp8: 9c59270c3fd7afecdb556c50c9e8de78 -> 
  custom:audio-decoder-ogg-vorbis: bf7c407c2cedff20999df2af8eb42d56 -> 
  custom:audio-encoder-webm-vorbis: bf7c407c2cedff20999df2af8eb42d56 -> 
========================================================================
Received Prepare
Registering precompiled user dll's ...
Registered in 0.005272 seconds.
Begin MonoManager ReloadAssembly
Native extension for WindowsStandalone target not found
Refreshing native plugins compatible for Editor in 0.72 ms, found 2 plugins.
Preloading 0 native plugins for Editor in 0.00 ms.
Mono: successfully reloaded assembly
- Completed reload, in  1.376 seconds
Domain Reload Profiling:
	ReloadAssembly (1377ms)
		BeginReloadAssembly (168ms)
			ExecutionOrderSort (0ms)
			DisableScriptedObjects (5ms)
			BackupInstance (0ms)
			ReleaseScriptingObjects (0ms)
			CreateAndSetChildDomain (49ms)
		EndReloadAssembly (1111ms)
			LoadAssemblies (144ms)
			RebuildTransferFunctionScriptingTraits (0ms)
			SetupTypeCache (364ms)
			ReleaseScriptCaches (2ms)
			RebuildScriptCaches (68ms)
			SetupLoadedEditorAssemblies (437ms)
				LogAssemblyErrors (0ms)
				InitializePlatformSupportModulesInManaged (7ms)
				SetLoadedEditorAssemblies (1ms)
				RefreshPlugins (1ms)
				BeforeProcessingInitializeOnLoad (113ms)
				ProcessInitializeOnLoadAttributes (287ms)
				ProcessInitializeOnLoadMethodAttributes (14ms)
				AfterProcessingInitializeOnLoad (13ms)
				EditorAssembliesLoaded (1ms)
			ExecutionOrderSort2 (0ms)
			AwakeInstancesAfterBackupRestoration (10ms)
Platform modules already initialized, skipping
Refreshing native plugins compatible for Editor in 0.88 ms, found 2 plugins.
Preloading 0 native plugins for Editor in 0.00 ms.
Unloading 1637 Unused Serialized files (Serialized files now loaded: 0)
System memory in use before: 168.1 MB.
System memory in use after: 168.2 MB.

Unloading 13 unused Assets to reduce memory usage. Loaded Objects now: 2180.
Total: 4.376700 ms (FindLiveObjects: 0.492800 ms CreateObjectMapping: 0.133900 ms MarkObjects: 3.625200 ms  DeleteObjects: 0.122600 ms)

AssetImportParameters requested are different than current active one (requested -> active):
  custom:framework-win-MediaFoundation: 216162199b28c13a410421893ffa2e32 -> 
  custom:video-decoder-ogg-theora: a1e56fd34408186e4bbccfd4996cb3dc -> 
  custom:container-muxer-webm: aa71ff27fc2769a1b78a27578f13a17b -> 
  custom:container-demuxer-webm: 4f35f7cbe854078d1ac9338744f61a02 -> 
  custom:container-demuxer-ogg: 62fdf1f143b41e24485cea50d1cbac27 -> 
  custom:video-encoder-webm-vp8: eb34c28f22e8b96e1ab97ce403110664 -> 
  custom:video-decoder-webm-vp8: 9c59270c3fd7afecdb556c50c9e8de78 -> 
  custom:audio-decoder-ogg-vorbis: bf7c407c2cedff20999df2af8eb42d56 -> 
  custom:audio-encoder-webm-vorbis: bf7c407c2cedff20999df2af8eb42d56 -> 
========================================================================
Received Prepare
Registering precompiled user dll's ...
Registered in 0.005305 seconds.
Begin MonoManager ReloadAssembly
Native extension for WindowsStandalone target not found
Refreshing native plugins compatible for Editor in 0.62 ms, found 2 plugins.
Preloading 0 native plugins for Editor in 0.00 ms.
Mono: successfully reloaded assembly
- Completed reload, in  1.134 seconds
Domain Reload Profiling:
	ReloadAssembly (1135ms)
		BeginReloadAssembly (142ms)
			ExecutionOrderSort (0ms)
			DisableScriptedObjects (9ms)
			BackupInstance (0ms)
			ReleaseScriptingObjects (0ms)
			CreateAndSetChildDomain (37ms)
		EndReloadAssembly (922ms)
			LoadAssemblies (114ms)
			RebuildTransferFunctionScriptingTraits (0ms)
			SetupTypeCache (332ms)
			ReleaseScriptCaches (1ms)
			RebuildScriptCaches (53ms)
			SetupLoadedEditorAssemblies (339ms)
				LogAssemblyErrors (0ms)
				InitializePlatformSupportModulesInManaged (6ms)
				SetLoadedEditorAssemblies (1ms)
				RefreshPlugins (1ms)
				BeforeProcessingInitializeOnLoad (89ms)
				ProcessInitializeOnLoadAttributes (222ms)
				ProcessInitializeOnLoadMethodAttributes (9ms)
				AfterProcessingInitializeOnLoad (11ms)
				EditorAssembliesLoaded (0ms)
			ExecutionOrderSort2 (0ms)
			AwakeInstancesAfterBackupRestoration (6ms)
Platform modules already initialized, skipping
Refreshing native plugins compatible for Editor in 0.56 ms, found 2 plugins.
Preloading 0 native plugins for Editor in 0.00 ms.
Unloading 1637 Unused Serialized files (Serialized files now loaded: 0)
System memory in use before: 168.2 MB.
System memory in use after: 168.2 MB.

Unloading 13 unused Assets to reduce memory usage. Loaded Objects now: 2183.
Total: 3.182700 ms (FindLiveObjects: 0.172000 ms CreateObjectMapping: 0.040900 ms MarkObjects: 2.873500 ms  DeleteObjects: 0.094800 ms)

AssetImportParameters requested are different than current active one (requested -> active):
  custom:framework-win-MediaFoundation: 216162199b28c13a410421893ffa2e32 -> 
  custom:video-decoder-ogg-theora: a1e56fd34408186e4bbccfd4996cb3dc -> 
  custom:container-muxer-webm: aa71ff27fc2769a1b78a27578f13a17b -> 
  custom:container-demuxer-webm: 4f35f7cbe854078d1ac9338744f61a02 -> 
  custom:container-demuxer-ogg: 62fdf1f143b41e24485cea50d1cbac27 -> 
  custom:video-encoder-webm-vp8: eb34c28f22e8b96e1ab97ce403110664 -> 
  custom:video-decoder-webm-vp8: 9c59270c3fd7afecdb556c50c9e8de78 -> 
  custom:audio-decoder-ogg-vorbis: bf7c407c2cedff20999df2af8eb42d56 -> 
  custom:audio-encoder-webm-vorbis: bf7c407c2cedff20999df2af8eb42d56 -> 
========================================================================
Received Prepare
Registering precompiled user dll's ...
Registered in 0.006543 seconds.
Begin MonoManager ReloadAssembly
Native extension for WindowsStandalone target not found
Refreshing native plugins compatible for Editor in 0.56 ms, found 2 plugins.
Preloading 0 native plugins for Editor in 0.00 ms.
Mono: successfully reloaded assembly
- Completed reload, in  1.157 seconds
Domain Reload Profiling:
	ReloadAssembly (1158ms)
		BeginReloadAssembly (209ms)
			ExecutionOrderSort (0ms)
			DisableScriptedObjects (28ms)
			BackupInstance (0ms)
			ReleaseScriptingObjects (0ms)
			CreateAndSetChildDomain (51ms)
		EndReloadAssembly (847ms)
			LoadAssemblies (145ms)
			RebuildTransferFunctionScriptingTraits (0ms)
			SetupTypeCache (259ms)
			ReleaseScriptCaches (1ms)
			RebuildScriptCaches (52ms)
			SetupLoadedEditorAssemblies (345ms)
				LogAssemblyErrors (0ms)
				InitializePlatformSupportModulesInManaged (5ms)
				SetLoadedEditorAssemblies (0ms)
				RefreshPlugins (1ms)
				BeforeProcessingInitializeOnLoad (88ms)
				ProcessInitializeOnLoadAttributes (226ms)
				ProcessInitializeOnLoadMethodAttributes (12ms)
				AfterProcessingInitializeOnLoad (13ms)
				EditorAssembliesLoaded (0ms)
			ExecutionOrderSort2 (0ms)
			AwakeInstancesAfterBackupRestoration (6ms)
Platform modules already initialized, skipping
Refreshing native plugins compatible for Editor in 0.57 ms, found 2 plugins.
Preloading 0 native plugins for Editor in 0.00 ms.
Unloading 1637 Unused Serialized files (Serialized files now loaded: 0)
System memory in use before: 168.2 MB.
System memory in use after: 168.2 MB.

Unloading 13 unused Assets to reduce memory usage. Loaded Objects now: 2186.
Total: 3.744400 ms (FindLiveObjects: 0.234100 ms CreateObjectMapping: 0.081300 ms MarkObjects: 3.333300 ms  DeleteObjects: 0.094300 ms)

AssetImportParameters requested are different than current active one (requested -> active):
  custom:framework-win-MediaFoundation: 216162199b28c13a410421893ffa2e32 -> 
  custom:video-decoder-ogg-theora: a1e56fd34408186e4bbccfd4996cb3dc -> 
  custom:container-muxer-webm: aa71ff27fc2769a1b78a27578f13a17b -> 
  custom:container-demuxer-webm: 4f35f7cbe854078d1ac9338744f61a02 -> 
  custom:container-demuxer-ogg: 62fdf1f143b41e24485cea50d1cbac27 -> 
  custom:video-encoder-webm-vp8: eb34c28f22e8b96e1ab97ce403110664 -> 
  custom:video-decoder-webm-vp8: 9c59270c3fd7afecdb556c50c9e8de78 -> 
  custom:audio-decoder-ogg-vorbis: bf7c407c2cedff20999df2af8eb42d56 -> 
  custom:audio-encoder-webm-vorbis: bf7c407c2cedff20999df2af8eb42d56 -> 
========================================================================
Received Prepare
Registering precompiled user dll's ...
Registered in 0.005254 seconds.
Begin MonoManager ReloadAssembly
Native extension for WindowsStandalone target not found
Refreshing native plugins compatible for Editor in 0.56 ms, found 2 plugins.
Preloading 0 native plugins for Editor in 0.00 ms.
Mono: successfully reloaded assembly
- Completed reload, in  1.063 seconds
Domain Reload Profiling:
	ReloadAssembly (1063ms)
		BeginReloadAssembly (135ms)
			ExecutionOrderSort (0ms)
			DisableScriptedObjects (5ms)
			BackupInstance (0ms)
			ReleaseScriptingObjects (0ms)
			CreateAndSetChildDomain (39ms)
		EndReloadAssembly (861ms)
			LoadAssemblies (105ms)
			RebuildTransferFunctionScriptingTraits (0ms)
			SetupTypeCache (292ms)
			ReleaseScriptCaches (1ms)
			RebuildScriptCaches (49ms)
			SetupLoadedEditorAssemblies (333ms)
				LogAssemblyErrors (0ms)
				InitializePlatformSupportModulesInManaged (5ms)
				SetLoadedEditorAssemblies (0ms)
				RefreshPlugins (1ms)
				BeforeProcessingInitializeOnLoad (91ms)
				ProcessInitializeOnLoadAttributes (212ms)
				ProcessInitializeOnLoadMethodAttributes (12ms)
				AfterProcessingInitializeOnLoad (11ms)
				EditorAssembliesLoaded (0ms)
			ExecutionOrderSort2 (0ms)
			AwakeInstancesAfterBackupRestoration (6ms)
Platform modules already initialized, skipping
Refreshing native plugins compatible for Editor in 0.56 ms, found 2 plugins.
Preloading 0 native plugins for Editor in 0.00 ms.
Unloading 1637 Unused Serialized files (Serialized files now loaded: 0)
System memory in use before: 168.2 MB.
System memory in use after: 168.2 MB.

Unloading 13 unused Assets to reduce memory usage. Loaded Objects now: 2189.
Total: 3.814000 ms (FindLiveObjects: 0.173000 ms CreateObjectMapping: 0.042100 ms MarkObjects: 3.500000 ms  DeleteObjects: 0.097600 ms)

AssetImportParameters requested are different than current active one (requested -> active):
  custom:framework-win-MediaFoundation: 216162199b28c13a410421893ffa2e32 -> 
  custom:video-decoder-ogg-theora: a1e56fd34408186e4bbccfd4996cb3dc -> 
  custom:container-muxer-webm: aa71ff27fc2769a1b78a27578f13a17b -> 
  custom:container-demuxer-webm: 4f35f7cbe854078d1ac9338744f61a02 -> 
  custom:container-demuxer-ogg: 62fdf1f143b41e24485cea50d1cbac27 -> 
  custom:video-encoder-webm-vp8: eb34c28f22e8b96e1ab97ce403110664 -> 
  custom:video-decoder-webm-vp8: 9c59270c3fd7afecdb556c50c9e8de78 -> 
  custom:audio-decoder-ogg-vorbis: bf7c407c2cedff20999df2af8eb42d56 -> 
  custom:audio-encoder-webm-vorbis: bf7c407c2cedff20999df2af8eb42d56 -> 
========================================================================
Received Prepare
Registering precompiled user dll's ...
Registered in 0.006499 seconds.
Begin MonoManager ReloadAssembly
Native extension for WindowsStandalone target not found
Refreshing native plugins compatible for Editor in 0.57 ms, found 2 plugins.
Preloading 0 native plugins for Editor in 0.00 ms.
Mono: successfully reloaded assembly
- Completed reload, in  1.129 seconds
Domain Reload Profiling:
	ReloadAssembly (1129ms)
		BeginReloadAssembly (207ms)
			ExecutionOrderSort (0ms)
			DisableScriptedObjects (6ms)
			BackupInstance (0ms)
			ReleaseScriptingObjects (1ms)
			CreateAndSetChildDomain (60ms)
		EndReloadAssembly (845ms)
			LoadAssemblies (129ms)
			RebuildTransferFunctionScriptingTraits (0ms)
			SetupTypeCache (282ms)
			ReleaseScriptCaches (1ms)
			RebuildScriptCaches (55ms)
			SetupLoadedEditorAssemblies (321ms)
				LogAssemblyErrors (0ms)
				InitializePlatformSupportModulesInManaged (5ms)
				SetLoadedEditorAssemblies (1ms)
				RefreshPlugins (1ms)
				BeforeProcessingInitializeOnLoad (89ms)
				ProcessInitializeOnLoadAttributes (204ms)
				ProcessInitializeOnLoadMethodAttributes (10ms)
				AfterProcessingInitializeOnLoad (11ms)
				EditorAssembliesLoaded (0ms)
			ExecutionOrderSort2 (0ms)
			AwakeInstancesAfterBackupRestoration (7ms)
Platform modules already initialized, skipping
Refreshing native plugins compatible for Editor in 0.56 ms, found 2 plugins.
Preloading 0 native plugins for Editor in 0.00 ms.
Unloading 1637 Unused Serialized files (Serialized files now loaded: 0)
System memory in use before: 168.2 MB.
System memory in use after: 168.2 MB.

Unloading 13 unused Assets to reduce memory usage. Loaded Objects now: 2192.
Total: 3.695100 ms (FindLiveObjects: 0.220200 ms CreateObjectMapping: 0.078500 ms MarkObjects: 3.244200 ms  DeleteObjects: 0.150600 ms)

AssetImportParameters requested are different than current active one (requested -> active):
  custom:framework-win-MediaFoundation: 216162199b28c13a410421893ffa2e32 -> 
  custom:video-decoder-ogg-theora: a1e56fd34408186e4bbccfd4996cb3dc -> 
  custom:container-muxer-webm: aa71ff27fc2769a1b78a27578f13a17b -> 
  custom:container-demuxer-webm: 4f35f7cbe854078d1ac9338744f61a02 -> 
  custom:container-demuxer-ogg: 62fdf1f143b41e24485cea50d1cbac27 -> 
  custom:video-encoder-webm-vp8: eb34c28f22e8b96e1ab97ce403110664 -> 
  custom:video-decoder-webm-vp8: 9c59270c3fd7afecdb556c50c9e8de78 -> 
  custom:audio-decoder-ogg-vorbis: bf7c407c2cedff20999df2af8eb42d56 -> 
  custom:audio-encoder-webm-vorbis: bf7c407c2cedff20999df2af8eb42d56 -> 
========================================================================
Received Prepare
Registering precompiled user dll's ...
Registered in 0.006413 seconds.
Begin MonoManager ReloadAssembly
Native extension for WindowsStandalone target not found
Refreshing native plugins compatible for Editor in 0.57 ms, found 2 plugins.
Preloading 0 native plugins for Editor in 0.00 ms.
Mono: successfully reloaded assembly
- Completed reload, in  1.080 seconds
Domain Reload Profiling:
	ReloadAssembly (1081ms)
		BeginReloadAssembly (137ms)
			ExecutionOrderSort (0ms)
			DisableScriptedObjects (4ms)
			BackupInstance (0ms)
			ReleaseScriptingObjects (0ms)
			CreateAndSetChildDomain (35ms)
		EndReloadAssembly (875ms)
			LoadAssemblies (127ms)
			RebuildTransferFunctionScriptingTraits (0ms)
			SetupTypeCache (301ms)
			ReleaseScriptCaches (1ms)
			RebuildScriptCaches (52ms)
			SetupLoadedEditorAssemblies (325ms)
				LogAssemblyErrors (0ms)
				InitializePlatformSupportModulesInManaged (5ms)
				SetLoadedEditorAssemblies (0ms)
				RefreshPlugins (1ms)
				BeforeProcessingInitializeOnLoad (81ms)
				ProcessInitializeOnLoadAttributes (214ms)
				ProcessInitializeOnLoadMethodAttributes (10ms)
				AfterProcessingInitializeOnLoad (12ms)
				EditorAssembliesLoaded (0ms)
			ExecutionOrderSort2 (0ms)
			AwakeInstancesAfterBackupRestoration (9ms)
Platform modules already initialized, skipping
Refreshing native plugins compatible for Editor in 0.52 ms, found 2 plugins.
Preloading 0 native plugins for Editor in 0.00 ms.
Unloading 1637 Unused Serialized files (Serialized files now loaded: 0)
System memory in use before: 168.2 MB.
System memory in use after: 168.3 MB.

Unloading 13 unused Assets to reduce memory usage. Loaded Objects now: 2195.
Total: 3.011000 ms (FindLiveObjects: 0.218100 ms CreateObjectMapping: 0.076200 ms MarkObjects: 2.625500 ms  DeleteObjects: 0.089500 ms)

AssetImportParameters requested are different than current active one (requested -> active):
  custom:framework-win-MediaFoundation: 216162199b28c13a410421893ffa2e32 -> 
  custom:video-decoder-ogg-theora: a1e56fd34408186e4bbccfd4996cb3dc -> 
  custom:container-muxer-webm: aa71ff27fc2769a1b78a27578f13a17b -> 
  custom:container-demuxer-webm: 4f35f7cbe854078d1ac9338744f61a02 -> 
  custom:container-demuxer-ogg: 62fdf1f143b41e24485cea50d1cbac27 -> 
  custom:video-encoder-webm-vp8: eb34c28f22e8b96e1ab97ce403110664 -> 
  custom:video-decoder-webm-vp8: 9c59270c3fd7afecdb556c50c9e8de78 -> 
  custom:audio-decoder-ogg-vorbis: bf7c407c2cedff20999df2af8eb42d56 -> 
  custom:audio-encoder-webm-vorbis: bf7c407c2cedff20999df2af8eb42d56 -> 
========================================================================
Received Prepare
Registering precompiled user dll's ...
Registered in 0.005719 seconds.
Begin MonoManager ReloadAssembly
Native extension for WindowsStandalone target not found
Refreshing native plugins compatible for Editor in 1.19 ms, found 2 plugins.
Preloading 0 native plugins for Editor in 0.00 ms.
Mono: successfully reloaded assembly
- Completed reload, in  1.364 seconds
Domain Reload Profiling:
	ReloadAssembly (1365ms)
		BeginReloadAssembly (164ms)
			ExecutionOrderSort (0ms)
			DisableScriptedObjects (6ms)
			BackupInstance (0ms)
			ReleaseScriptingObjects (0ms)
			CreateAndSetChildDomain (41ms)
		EndReloadAssembly (1111ms)
			LoadAssemblies (142ms)
			RebuildTransferFunctionScriptingTraits (0ms)
			SetupTypeCache (359ms)
			ReleaseScriptCaches (1ms)
			RebuildScriptCaches (67ms)
			SetupLoadedEditorAssemblies (439ms)
				LogAssemblyErrors (0ms)
				InitializePlatformSupportModulesInManaged (6ms)
				SetLoadedEditorAssemblies (1ms)
				RefreshPlugins (1ms)
				BeforeProcessingInitializeOnLoad (115ms)
				ProcessInitializeOnLoadAttributes (286ms)
				ProcessInitializeOnLoadMethodAttributes (15ms)
				AfterProcessingInitializeOnLoad (15ms)
				EditorAssembliesLoaded (1ms)
			ExecutionOrderSort2 (0ms)
			AwakeInstancesAfterBackupRestoration (10ms)
Platform modules already initialized, skipping
Refreshing native plugins compatible for Editor in 0.99 ms, found 2 plugins.
Preloading 0 native plugins for Editor in 0.00 ms.
Unloading 1637 Unused Serialized files (Serialized files now loaded: 0)
System memory in use before: 168.2 MB.
System memory in use after: 168.3 MB.

Unloading 13 unused Assets to reduce memory usage. Loaded Objects now: 2198.
Total: 4.129100 ms (FindLiveObjects: 0.306200 ms CreateObjectMapping: 0.082300 ms MarkObjects: 3.587100 ms  DeleteObjects: 0.151300 ms)

AssetImportParameters requested are different than current active one (requested -> active):
  custom:framework-win-MediaFoundation: 216162199b28c13a410421893ffa2e32 -> 
  custom:video-decoder-ogg-theora: a1e56fd34408186e4bbccfd4996cb3dc -> 
  custom:container-muxer-webm: aa71ff27fc2769a1b78a27578f13a17b -> 
  custom:container-demuxer-webm: 4f35f7cbe854078d1ac9338744f61a02 -> 
  custom:container-demuxer-ogg: 62fdf1f143b41e24485cea50d1cbac27 -> 
  custom:video-encoder-webm-vp8: eb34c28f22e8b96e1ab97ce403110664 -> 
  custom:video-decoder-webm-vp8: 9c59270c3fd7afecdb556c50c9e8de78 -> 
  custom:audio-decoder-ogg-vorbis: bf7c407c2cedff20999df2af8eb42d56 -> 
  custom:audio-encoder-webm-vorbis: bf7c407c2cedff20999df2af8eb42d56 -> 
========================================================================
Received Prepare
Registering precompiled user dll's ...
Registered in 0.003929 seconds.
Begin MonoManager ReloadAssembly
Native extension for WindowsStandalone target not found
Refreshing native plugins compatible for Editor in 0.87 ms, found 2 plugins.
Preloading 0 native plugins for Editor in 0.00 ms.
Mono: successfully reloaded assembly
- Completed reload, in  1.075 seconds
Domain Reload Profiling:
	ReloadAssembly (1075ms)
		BeginReloadAssembly (134ms)
			ExecutionOrderSort (0ms)
			DisableScriptedObjects (4ms)
			BackupInstance (0ms)
			ReleaseScriptingObjects (0ms)
			CreateAndSetChildDomain (36ms)
		EndReloadAssembly (876ms)
			LoadAssemblies (108ms)
			RebuildTransferFunctionScriptingTraits (0ms)
			SetupTypeCache (295ms)
			ReleaseScriptCaches (1ms)
			RebuildScriptCaches (54ms)
			SetupLoadedEditorAssemblies (343ms)
				LogAssemblyErrors (0ms)
				InitializePlatformSupportModulesInManaged (7ms)
				SetLoadedEditorAssemblies (1ms)
				RefreshPlugins (1ms)
				BeforeProcessingInitializeOnLoad (87ms)
				ProcessInitializeOnLoadAttributes (225ms)
				ProcessInitializeOnLoadMethodAttributes (10ms)
				AfterProcessingInitializeOnLoad (11ms)
				EditorAssembliesLoaded (0ms)
			ExecutionOrderSort2 (0ms)
			AwakeInstancesAfterBackupRestoration (8ms)
Platform modules already initialized, skipping
Refreshing native plugins compatible for Editor in 0.52 ms, found 2 plugins.
Preloading 0 native plugins for Editor in 0.00 ms.
Unloading 1637 Unused Serialized files (Serialized files now loaded: 0)
System memory in use before: 168.2 MB.
System memory in use after: 168.3 MB.

Unloading 13 unused Assets to reduce memory usage. Loaded Objects now: 2201.
Total: 3.841400 ms (FindLiveObjects: 0.254000 ms CreateObjectMapping: 0.082200 ms MarkObjects: 3.412200 ms  DeleteObjects: 0.091500 ms)

AssetImportParameters requested are different than current active one (requested -> active):
  custom:framework-win-MediaFoundation: 216162199b28c13a410421893ffa2e32 -> 
  custom:video-decoder-ogg-theora: a1e56fd34408186e4bbccfd4996cb3dc -> 
  custom:container-muxer-webm: aa71ff27fc2769a1b78a27578f13a17b -> 
  custom:container-demuxer-webm: 4f35f7cbe854078d1ac9338744f61a02 -> 
  custom:container-demuxer-ogg: 62fdf1f143b41e24485cea50d1cbac27 -> 
  custom:video-encoder-webm-vp8: eb34c28f22e8b96e1ab97ce403110664 -> 
  custom:video-decoder-webm-vp8: 9c59270c3fd7afecdb556c50c9e8de78 -> 
  custom:audio-decoder-ogg-vorbis: bf7c407c2cedff20999df2af8eb42d56 -> 
  custom:audio-encoder-webm-vorbis: bf7c407c2cedff20999df2af8eb42d56 -> 
========================================================================
Received Prepare
Registering precompiled user dll's ...
Registered in 0.005702 seconds.
Begin MonoManager ReloadAssembly
Native extension for WindowsStandalone target not found
Refreshing native plugins compatible for Editor in 0.83 ms, found 2 plugins.
Preloading 0 native plugins for Editor in 0.00 ms.
Mono: successfully reloaded assembly
- Completed reload, in  1.390 seconds
Domain Reload Profiling:
	ReloadAssembly (1391ms)
		BeginReloadAssembly (196ms)
			ExecutionOrderSort (0ms)
			DisableScriptedObjects (5ms)
			BackupInstance (0ms)
			ReleaseScriptingObjects (0ms)
			CreateAndSetChildDomain (89ms)
		EndReloadAssembly (1123ms)
			LoadAssemblies (128ms)
			RebuildTransferFunctionScriptingTraits (0ms)
			SetupTypeCache (293ms)
			ReleaseScriptCaches (1ms)
			RebuildScriptCaches (48ms)
			SetupLoadedEditorAssemblies (569ms)
				LogAssemblyErrors (0ms)
				InitializePlatformSupportModulesInManaged (6ms)
				SetLoadedEditorAssemblies (1ms)
				RefreshPlugins (1ms)
				BeforeProcessingInitializeOnLoad (94ms)
				ProcessInitializeOnLoadAttributes (433ms)
				ProcessInitializeOnLoadMethodAttributes (15ms)
				AfterProcessingInitializeOnLoad (20ms)
				EditorAssembliesLoaded (0ms)
			ExecutionOrderSort2 (0ms)
			AwakeInstancesAfterBackupRestoration (8ms)
Platform modules already initialized, skipping
Refreshing native plugins compatible for Editor in 0.57 ms, found 2 plugins.
Preloading 0 native plugins for Editor in 0.00 ms.
Unloading 1637 Unused Serialized files (Serialized files now loaded: 0)
System memory in use before: 168.2 MB.
System memory in use after: 168.3 MB.

Unloading 13 unused Assets to reduce memory usage. Loaded Objects now: 2204.
Total: 3.414400 ms (FindLiveObjects: 0.214900 ms CreateObjectMapping: 0.107700 ms MarkObjects: 2.997100 ms  DeleteObjects: 0.093100 ms)

AssetImportParameters requested are different than current active one (requested -> active):
  custom:framework-win-MediaFoundation: 216162199b28c13a410421893ffa2e32 -> 
  custom:video-decoder-ogg-theora: a1e56fd34408186e4bbccfd4996cb3dc -> 
  custom:container-muxer-webm: aa71ff27fc2769a1b78a27578f13a17b -> 
  custom:container-demuxer-webm: 4f35f7cbe854078d1ac9338744f61a02 -> 
  custom:container-demuxer-ogg: 62fdf1f143b41e24485cea50d1cbac27 -> 
  custom:video-encoder-webm-vp8: eb34c28f22e8b96e1ab97ce403110664 -> 
  custom:video-decoder-webm-vp8: 9c59270c3fd7afecdb556c50c9e8de78 -> 
  custom:audio-decoder-ogg-vorbis: bf7c407c2cedff20999df2af8eb42d56 -> 
  custom:audio-encoder-webm-vorbis: bf7c407c2cedff20999df2af8eb42d56 -> 
========================================================================
Received Prepare
Registering precompiled user dll's ...
Registered in 0.004347 seconds.
Begin MonoManager ReloadAssembly
Native extension for WindowsStandalone target not found
Refreshing native plugins compatible for Editor in 0.93 ms, found 2 plugins.
Preloading 0 native plugins for Editor in 0.00 ms.
Mono: successfully reloaded assembly
- Completed reload, in  1.177 seconds
Domain Reload Profiling:
	ReloadAssembly (1177ms)
		BeginReloadAssembly (149ms)
			ExecutionOrderSort (0ms)
			DisableScriptedObjects (4ms)
			BackupInstance (0ms)
			ReleaseScriptingObjects (0ms)
			CreateAndSetChildDomain (46ms)
		EndReloadAssembly (959ms)
			LoadAssemblies (126ms)
			RebuildTransferFunctionScriptingTraits (0ms)
			SetupTypeCache (300ms)
			ReleaseScriptCaches (1ms)
			RebuildScriptCaches (52ms)
			SetupLoadedEditorAssemblies (408ms)
				LogAssemblyErrors (0ms)
				InitializePlatformSupportModulesInManaged (6ms)
				SetLoadedEditorAssemblies (1ms)
				RefreshPlugins (1ms)
				BeforeProcessingInitializeOnLoad (93ms)
				ProcessInitializeOnLoadAttributes (285ms)
				ProcessInitializeOnLoadMethodAttributes (12ms)
				AfterProcessingInitializeOnLoad (11ms)
				EditorAssembliesLoaded (0ms)
			ExecutionOrderSort2 (0ms)
			AwakeInstancesAfterBackupRestoration (7ms)
Platform modules already initialized, skipping
Refreshing native plugins compatible for Editor in 0.59 ms, found 2 plugins.
Preloading 0 native plugins for Editor in 0.00 ms.
Unloading 1637 Unused Serialized files (Serialized files now loaded: 0)
System memory in use before: 168.2 MB.
System memory in use after: 168.3 MB.

Unloading 13 unused Assets to reduce memory usage. Loaded Objects now: 2207.
Total: 3.551700 ms (FindLiveObjects: 0.192300 ms CreateObjectMapping: 0.045300 ms MarkObjects: 3.212000 ms  DeleteObjects: 0.100800 ms)

AssetImportParameters requested are different than current active one (requested -> active):
  custom:framework-win-MediaFoundation: 216162199b28c13a410421893ffa2e32 -> 
  custom:video-decoder-ogg-theora: a1e56fd34408186e4bbccfd4996cb3dc -> 
  custom:container-muxer-webm: aa71ff27fc2769a1b78a27578f13a17b -> 
  custom:container-demuxer-webm: 4f35f7cbe854078d1ac9338744f61a02 -> 
  custom:container-demuxer-ogg: 62fdf1f143b41e24485cea50d1cbac27 -> 
  custom:video-encoder-webm-vp8: eb34c28f22e8b96e1ab97ce403110664 -> 
  custom:video-decoder-webm-vp8: 9c59270c3fd7afecdb556c50c9e8de78 -> 
  custom:audio-decoder-ogg-vorbis: bf7c407c2cedff20999df2af8eb42d56 -> 
  custom:audio-encoder-webm-vorbis: bf7c407c2cedff20999df2af8eb42d56 -> 
========================================================================
Received Prepare
Registering precompiled user dll's ...
Registered in 0.004880 seconds.
Begin MonoManager ReloadAssembly
Native extension for WindowsStandalone target not found
Refreshing native plugins compatible for Editor in 0.52 ms, found 2 plugins.
Preloading 0 native plugins for Editor in 0.00 ms.
Mono: successfully reloaded assembly
- Completed reload, in  1.084 seconds
Domain Reload Profiling:
	ReloadAssembly (1085ms)
		BeginReloadAssembly (151ms)
			ExecutionOrderSort (0ms)
			DisableScriptedObjects (5ms)
			BackupInstance (0ms)
			ReleaseScriptingObjects (0ms)
			CreateAndSetChildDomain (33ms)
		EndReloadAssembly (857ms)
			LoadAssemblies (135ms)
			RebuildTransferFunctionScriptingTraits (0ms)
			SetupTypeCache (279ms)
			ReleaseScriptCaches (1ms)
			RebuildScriptCaches (55ms)
			SetupLoadedEditorAssemblies (330ms)
				LogAssemblyErrors (0ms)
				InitializePlatformSupportModulesInManaged (5ms)
				SetLoadedEditorAssemblies (1ms)
				RefreshPlugins (1ms)
				BeforeProcessingInitializeOnLoad (95ms)
				ProcessInitializeOnLoadAttributes (209ms)
				ProcessInitializeOnLoadMethodAttributes (10ms)
				AfterProcessingInitializeOnLoad (10ms)
				EditorAssembliesLoaded (0ms)
			ExecutionOrderSort2 (0ms)
			AwakeInstancesAfterBackupRestoration (6ms)
Platform modules already initialized, skipping
Refreshing native plugins compatible for Editor in 0.57 ms, found 2 plugins.
Preloading 0 native plugins for Editor in 0.00 ms.
Unloading 1637 Unused Serialized files (Serialized files now loaded: 0)
System memory in use before: 168.2 MB.
System memory in use after: 168.3 MB.

Unloading 13 unused Assets to reduce memory usage. Loaded Objects now: 2210.
Total: 3.734000 ms (FindLiveObjects: 0.172600 ms CreateObjectMapping: 0.039000 ms MarkObjects: 3.425900 ms  DeleteObjects: 0.095400 ms)

AssetImportParameters requested are different than current active one (requested -> active):
  custom:framework-win-MediaFoundation: 216162199b28c13a410421893ffa2e32 -> 
  custom:video-decoder-ogg-theora: a1e56fd34408186e4bbccfd4996cb3dc -> 
  custom:container-muxer-webm: aa71ff27fc2769a1b78a27578f13a17b -> 
  custom:container-demuxer-webm: 4f35f7cbe854078d1ac9338744f61a02 -> 
  custom:container-demuxer-ogg: 62fdf1f143b41e24485cea50d1cbac27 -> 
  custom:video-encoder-webm-vp8: eb34c28f22e8b96e1ab97ce403110664 -> 
  custom:video-decoder-webm-vp8: 9c59270c3fd7afecdb556c50c9e8de78 -> 
  custom:audio-decoder-ogg-vorbis: bf7c407c2cedff20999df2af8eb42d56 -> 
  custom:audio-encoder-webm-vorbis: bf7c407c2cedff20999df2af8eb42d56 -> 
========================================================================
Received Prepare
Registering precompiled user dll's ...
Registered in 0.004891 seconds.
Begin MonoManager ReloadAssembly
Native extension for WindowsStandalone target not found
Refreshing native plugins compatible for Editor in 0.67 ms, found 2 plugins.
Preloading 0 native plugins for Editor in 0.00 ms.
Mono: successfully reloaded assembly
- Completed reload, in  1.070 seconds
Domain Reload Profiling:
	ReloadAssembly (1071ms)
		BeginReloadAssembly (139ms)
			ExecutionOrderSort (0ms)
			DisableScriptedObjects (4ms)
			BackupInstance (0ms)
			ReleaseScriptingObjects (0ms)
			CreateAndSetChildDomain (38ms)
		EndReloadAssembly (861ms)
			LoadAssemblies (114ms)
			RebuildTransferFunctionScriptingTraits (0ms)
			SetupTypeCache (274ms)
			ReleaseScriptCaches (1ms)
			RebuildScriptCaches (53ms)
			SetupLoadedEditorAssemblies (337ms)
				LogAssemblyErrors (0ms)
				InitializePlatformSupportModulesInManaged (6ms)
				SetLoadedEditorAssemblies (1ms)
				RefreshPlugins (1ms)
				BeforeProcessingInitializeOnLoad (85ms)
				ProcessInitializeOnLoadAttributes (222ms)
				ProcessInitializeOnLoadMethodAttributes (11ms)
				AfterProcessingInitializeOnLoad (12ms)
				EditorAssembliesLoaded (0ms)
			ExecutionOrderSort2 (0ms)
			AwakeInstancesAfterBackupRestoration (10ms)
Platform modules already initialized, skipping
Refreshing native plugins compatible for Editor in 0.63 ms, found 2 plugins.
Preloading 0 native plugins for Editor in 0.00 ms.
Unloading 1637 Unused Serialized files (Serialized files now loaded: 0)
System memory in use before: 168.2 MB.
System memory in use after: 168.3 MB.

Unloading 13 unused Assets to reduce memory usage. Loaded Objects now: 2213.
Total: 3.370100 ms (FindLiveObjects: 0.245000 ms CreateObjectMapping: 0.085700 ms MarkObjects: 2.941000 ms  DeleteObjects: 0.096400 ms)

AssetImportParameters requested are different than current active one (requested -> active):
  custom:framework-win-MediaFoundation: 216162199b28c13a410421893ffa2e32 -> 
  custom:video-decoder-ogg-theora: a1e56fd34408186e4bbccfd4996cb3dc -> 
  custom:container-muxer-webm: aa71ff27fc2769a1b78a27578f13a17b -> 
  custom:container-demuxer-webm: 4f35f7cbe854078d1ac9338744f61a02 -> 
  custom:container-demuxer-ogg: 62fdf1f143b41e24485cea50d1cbac27 -> 
  custom:video-encoder-webm-vp8: eb34c28f22e8b96e1ab97ce403110664 -> 
  custom:video-decoder-webm-vp8: 9c59270c3fd7afecdb556c50c9e8de78 -> 
  custom:audio-decoder-ogg-vorbis: bf7c407c2cedff20999df2af8eb42d56 -> 
  custom:audio-encoder-webm-vorbis: bf7c407c2cedff20999df2af8eb42d56 -> 
========================================================================
Received Prepare
Registering precompiled user dll's ...
Registered in 0.004745 seconds.
Begin MonoManager ReloadAssembly
Native extension for WindowsStandalone target not found
Refreshing native plugins compatible for Editor in 0.54 ms, found 2 plugins.
Preloading 0 native plugins for Editor in 0.00 ms.
Mono: successfully reloaded assembly
- Completed reload, in  0.995 seconds
Domain Reload Profiling:
	ReloadAssembly (996ms)
		BeginReloadAssembly (122ms)
			ExecutionOrderSort (0ms)
			DisableScriptedObjects (4ms)
			BackupInstance (0ms)
			ReleaseScriptingObjects (0ms)
			CreateAndSetChildDomain (32ms)
		EndReloadAssembly (803ms)
			LoadAssemblies (110ms)
			RebuildTransferFunctionScriptingTraits (0ms)
			SetupTypeCache (260ms)
			ReleaseScriptCaches (1ms)
			RebuildScriptCaches (49ms)
			SetupLoadedEditorAssemblies (311ms)
				LogAssemblyErrors (0ms)
				InitializePlatformSupportModulesInManaged (5ms)
				SetLoadedEditorAssemblies (0ms)
				RefreshPlugins (1ms)
				BeforeProcessingInitializeOnLoad (80ms)
				ProcessInitializeOnLoadAttributes (206ms)
				ProcessInitializeOnLoadMethodAttributes (9ms)
				AfterProcessingInitializeOnLoad (9ms)
				EditorAssembliesLoaded (0ms)
			ExecutionOrderSort2 (0ms)
			AwakeInstancesAfterBackupRestoration (6ms)
Platform modules already initialized, skipping
Refreshing native plugins compatible for Editor in 0.57 ms, found 2 plugins.
Preloading 0 native plugins for Editor in 0.00 ms.
Unloading 1637 Unused Serialized files (Serialized files now loaded: 0)
System memory in use before: 168.2 MB.
System memory in use after: 168.3 MB.

Unloading 13 unused Assets to reduce memory usage. Loaded Objects now: 2216.
Total: 3.746200 ms (FindLiveObjects: 0.321500 ms CreateObjectMapping: 0.049400 ms MarkObjects: 3.278700 ms  DeleteObjects: 0.093800 ms)

AssetImportParameters requested are different than current active one (requested -> active):
  custom:framework-win-MediaFoundation: 216162199b28c13a410421893ffa2e32 -> 
  custom:video-decoder-ogg-theora: a1e56fd34408186e4bbccfd4996cb3dc -> 
  custom:container-muxer-webm: aa71ff27fc2769a1b78a27578f13a17b -> 
  custom:container-demuxer-webm: 4f35f7cbe854078d1ac9338744f61a02 -> 
  custom:container-demuxer-ogg: 62fdf1f143b41e24485cea50d1cbac27 -> 
  custom:video-encoder-webm-vp8: eb34c28f22e8b96e1ab97ce403110664 -> 
  custom:video-decoder-webm-vp8: 9c59270c3fd7afecdb556c50c9e8de78 -> 
  custom:audio-decoder-ogg-vorbis: bf7c407c2cedff20999df2af8eb42d56 -> 
  custom:audio-encoder-webm-vorbis: bf7c407c2cedff20999df2af8eb42d56 -> 
========================================================================
Received Prepare
Registering precompiled user dll's ...
Registered in 0.004458 seconds.
Begin MonoManager ReloadAssembly
Native extension for WindowsStandalone target not found
Refreshing native plugins compatible for Editor in 0.54 ms, found 2 plugins.
Preloading 0 native plugins for Editor in 0.00 ms.
Mono: successfully reloaded assembly
- Completed reload, in  0.945 seconds
Domain Reload Profiling:
	ReloadAssembly (946ms)
		BeginReloadAssembly (120ms)
			ExecutionOrderSort (0ms)
			DisableScriptedObjects (4ms)
			BackupInstance (0ms)
			ReleaseScriptingObjects (0ms)
			CreateAndSetChildDomain (30ms)
		EndReloadAssembly (762ms)
			LoadAssemblies (107ms)
			RebuildTransferFunctionScriptingTraits (0ms)
			SetupTypeCache (245ms)
			ReleaseScriptCaches (1ms)
			RebuildScriptCaches (46ms)
			SetupLoadedEditorAssemblies (296ms)
				LogAssemblyErrors (0ms)
				InitializePlatformSupportModulesInManaged (6ms)
				SetLoadedEditorAssemblies (0ms)
				RefreshPlugins (1ms)
				BeforeProcessingInitializeOnLoad (76ms)
				ProcessInitializeOnLoadAttributes (192ms)
				ProcessInitializeOnLoadMethodAttributes (9ms)
				AfterProcessingInitializeOnLoad (11ms)
				EditorAssembliesLoaded (0ms)
			ExecutionOrderSort2 (0ms)
			AwakeInstancesAfterBackupRestoration (6ms)
Platform modules already initialized, skipping
Refreshing native plugins compatible for Editor in 0.55 ms, found 2 plugins.
Preloading 0 native plugins for Editor in 0.00 ms.
Unloading 1637 Unused Serialized files (Serialized files now loaded: 0)
System memory in use before: 168.2 MB.
System memory in use after: 168.3 MB.

Unloading 13 unused Assets to reduce memory usage. Loaded Objects now: 2219.
Total: 3.490700 ms (FindLiveObjects: 0.234700 ms CreateObjectMapping: 0.072400 ms MarkObjects: 3.091400 ms  DeleteObjects: 0.091000 ms)

AssetImportParameters requested are different than current active one (requested -> active):
  custom:framework-win-MediaFoundation: 216162199b28c13a410421893ffa2e32 -> 
  custom:video-decoder-ogg-theora: a1e56fd34408186e4bbccfd4996cb3dc -> 
  custom:container-muxer-webm: aa71ff27fc2769a1b78a27578f13a17b -> 
  custom:container-demuxer-webm: 4f35f7cbe854078d1ac9338744f61a02 -> 
  custom:container-demuxer-ogg: 62fdf1f143b41e24485cea50d1cbac27 -> 
  custom:video-encoder-webm-vp8: eb34c28f22e8b96e1ab97ce403110664 -> 
  custom:video-decoder-webm-vp8: 9c59270c3fd7afecdb556c50c9e8de78 -> 
  custom:audio-decoder-ogg-vorbis: bf7c407c2cedff20999df2af8eb42d56 -> 
  custom:audio-encoder-webm-vorbis: bf7c407c2cedff20999df2af8eb42d56 -> 
========================================================================
Received Prepare
Registering precompiled user dll's ...
Registered in 0.004056 seconds.
Begin MonoManager ReloadAssembly
Native extension for WindowsStandalone target not found
Refreshing native plugins compatible for Editor in 0.56 ms, found 2 plugins.
Preloading 0 native plugins for Editor in 0.00 ms.
Mono: successfully reloaded assembly
- Completed reload, in  0.981 seconds
Domain Reload Profiling:
	ReloadAssembly (982ms)
		BeginReloadAssembly (139ms)
			ExecutionOrderSort (0ms)
			DisableScriptedObjects (7ms)
			BackupInstance (0ms)
			ReleaseScriptingObjects (0ms)
			CreateAndSetChildDomain (39ms)
		EndReloadAssembly (777ms)
			LoadAssemblies (105ms)
			RebuildTransferFunctionScriptingTraits (0ms)
			SetupTypeCache (257ms)
			ReleaseScriptCaches (1ms)
			RebuildScriptCaches (47ms)
			SetupLoadedEditorAssemblies (302ms)
				LogAssemblyErrors (0ms)
				InitializePlatformSupportModulesInManaged (5ms)
				SetLoadedEditorAssemblies (1ms)
				RefreshPlugins (1ms)
				BeforeProcessingInitializeOnLoad (77ms)
				ProcessInitializeOnLoadAttributes (198ms)
				ProcessInitializeOnLoadMethodAttributes (10ms)
				AfterProcessingInitializeOnLoad (11ms)
				EditorAssembliesLoaded (0ms)
			ExecutionOrderSort2 (0ms)
			AwakeInstancesAfterBackupRestoration (7ms)
Platform modules already initialized, skipping
Refreshing native plugins compatible for Editor in 0.52 ms, found 2 plugins.
Preloading 0 native plugins for Editor in 0.00 ms.
Unloading 1637 Unused Serialized files (Serialized files now loaded: 0)
System memory in use before: 168.2 MB.
System memory in use after: 168.3 MB.

Unloading 13 unused Assets to reduce memory usage. Loaded Objects now: 2222.
Total: 3.056000 ms (FindLiveObjects: 0.231500 ms CreateObjectMapping: 0.073200 ms MarkObjects: 2.654100 ms  DeleteObjects: 0.095800 ms)

AssetImportParameters requested are different than current active one (requested -> active):
  custom:framework-win-MediaFoundation: 216162199b28c13a410421893ffa2e32 -> 
  custom:video-decoder-ogg-theora: a1e56fd34408186e4bbccfd4996cb3dc -> 
  custom:container-muxer-webm: aa71ff27fc2769a1b78a27578f13a17b -> 
  custom:container-demuxer-webm: 4f35f7cbe854078d1ac9338744f61a02 -> 
  custom:container-demuxer-ogg: 62fdf1f143b41e24485cea50d1cbac27 -> 
  custom:video-encoder-webm-vp8: eb34c28f22e8b96e1ab97ce403110664 -> 
  custom:video-decoder-webm-vp8: 9c59270c3fd7afecdb556c50c9e8de78 -> 
  custom:audio-decoder-ogg-vorbis: bf7c407c2cedff20999df2af8eb42d56 -> 
  custom:audio-encoder-webm-vorbis: bf7c407c2cedff20999df2af8eb42d56 -> 
========================================================================
Received Import Request.
  Time since last request: 840.039300 seconds.
  path: Assets/KimKJ/Data/LemuTest/Resources/Lemurian.prefab
  artifactKey: Guid(b505811fa6dce78409a5ad77cf9f7ca4) Importer(815301076,1909f56bfc062723c751e8b465ee728b)
Start importing Assets/KimKJ/Data/LemuTest/Resources/Lemurian.prefab using Guid(b505811fa6dce78409a5ad77cf9f7ca4) Importer(815301076,1909f56bfc062723c751e8b465ee728b)  -> (artifact id: '8eb4e864d964c0795893d09b4bf816a9') in 0.114706 seconds 
AssetImportWorkerClient::OnTransportError - code=2 error=End of file
